2022-07-23 11:20:12,367 | INFO | ulauncher: main() | Ulauncher version 5.14.4
2022-07-23 11:20:12,367 | INFO | ulauncher: main() | Extension API version 2.0.0
2022-07-23 11:20:12,368 | INFO | ulauncher: main() | GTK+ 3.24.34
2022-07-23 11:20:12,368 | INFO | ulauncher: main() | Is Wayland: False
2022-07-23 11:20:12,368 | INFO | ulauncher: main() | Wayland compatibility: off
2022-07-23 11:20:12,381 | DEBUG | ulauncher.ui.windows.Builder: __init__() | consider using a pythonic name instead of design name 'input-box'
2022-07-23 11:20:12,383 | DEBUG | ulauncher.ui.windows.Builder: do_connect() | connect builder by name 'ulauncher_window','destroy', 'on_destroy'
2022-07-23 11:20:12,383 | DEBUG | ulauncher.ui.windows.Builder: do_connect() | connect builder by name 'ulauncher_window','focus_in_event', 'on_focus_in_event'
2022-07-23 11:20:12,383 | DEBUG | ulauncher.ui.windows.Builder: do_connect() | connect builder by name 'ulauncher_window','focus_out_event', 'on_focus_out_event'
2022-07-23 11:20:12,383 | DEBUG | ulauncher.ui.windows.Builder: do_connect() | connect builder by name 'input','key_press_event', 'on_input_key_press_event'
2022-07-23 11:20:12,384 | DEBUG | ulauncher.ui.windows.Builder: log_unconnected_functions() | Not connected to builder 'on_input_changed'
2022-07-23 11:20:12,384 | DEBUG | ulauncher.ui.windows.Builder: log_unconnected_functions() | Not connected to builder 'on_mnu_about_activate'
2022-07-23 11:20:12,384 | DEBUG | ulauncher.ui.windows.Builder: log_unconnected_functions() | Not connected to builder 'on_mnu_close_activate'
2022-07-23 11:20:12,384 | DEBUG | ulauncher.ui.windows.Builder: log_unconnected_functions() | Not connected to builder 'on_mnu_preferences_activate'
2022-07-23 11:20:12,384 | DEBUG | ulauncher.ui.windows.Builder: log_unconnected_functions() | Not connected to builder 'on_preferences_dialog_destroyed'
2022-07-23 11:20:12,385 | DEBUG | ulauncher.utils.display: get_screens() | Found 1 monitor(s)
2022-07-23 11:20:12,385 | DEBUG | ulauncher.utils.display: get_screens() |   Monitor 0 - X: 0, Y: 0, W: 1920, H: 1080
2022-07-23 11:20:12,397 | DEBUG | ulauncher.ui.windows.UlauncherWindow: show_results() | render 0 results
2022-07-23 11:20:12,399 | INFO | ulauncher.search.apps.app_watcher: start() | Started scanning desktop dirs
2022-07-23 11:20:12,399 | INFO | ulauncher.api.server.ExtensionServer: _start_thread() | Starting WS server on port 5054
2022-07-23 11:20:12,414 | INFO | ulauncher.ui.windows.UlauncherWindow: bind_show_app_hotkey() | Trying to bind app hotkey: Super_L
2022-07-23 11:20:12,450 | INFO | ulauncher.utils.desktop.reader: find_apps_cached() | Found 136 apps in cache
2022-07-23 11:20:12,456 | INFO | ulauncher.utils.desktop.reader: read_desktop_file() | Could not read "/usr/share/applications/cgnscalc.desktop": constructor returned NULL
2022-07-23 11:20:12,456 | INFO | ulauncher.utils.desktop.reader: read_desktop_file() | Could not read "/usr/share/applications/cgnsnodes.desktop": constructor returned NULL
2022-07-23 11:20:12,456 | INFO | ulauncher.utils.desktop.reader: read_desktop_file() | Could not read "/usr/share/applications/cgnsplot.desktop": constructor returned NULL
2022-07-23 11:20:12,456 | INFO | ulauncher.utils.desktop.reader: read_desktop_file() | Could not read "/usr/share/applications/cgnsview.desktop": constructor returned NULL
2022-07-23 11:20:12,456 | INFO | ulauncher.utils.desktop.reader: read_desktop_file() | Could not read "/usr/share/applications/evolution-calendar.desktop": constructor returned NULL
2022-07-23 11:20:12,472 | INFO | ulauncher.utils.desktop.reader: read_desktop_file() | Could not read "/usr/share/applications/unitconv.desktop": constructor returned NULL
2022-07-23 11:20:12,476 | INFO | ulauncher.utils.desktop.reader: read_desktop_file() | Could not read "/usr/share/applications/org.kde.kded5.desktop": constructor returned NULL
2022-07-23 11:20:12,477 | INFO | ulauncher.utils.desktop.reader: read_desktop_file() | Could not read "/usr/share/applications/kipiplugins.desktop": constructor returned NULL
2022-07-23 11:20:12,478 | INFO | ulauncher.utils.desktop.reader: read_desktop_file() | Could not read "/usr/share/applications/org.kde.kwin_rules_dialog.desktop": constructor returned NULL
2022-07-23 11:20:12,501 | INFO | ulauncher.utils.desktop.reader: find_apps_cached() | Found 136 apps in the system
2022-07-23 11:20:12,501 | INFO | ulauncher.search.apps.app_watcher: start() | Scanned desktop dirs in 0.10 seconds
2022-07-23 11:20:12,504 | DEBUG | ulauncher.search.apps.app_watcher: start() | Start watching desktop files...
2022-07-23 11:20:13,879 | DEBUG | ulauncher.utils.display: get_screens() | Found 1 monitor(s)
2022-07-23 11:20:13,879 | DEBUG | ulauncher.utils.display: get_screens() |   Monitor 0 - X: 0, Y: 0, W: 1920, H: 1080
2022-07-23 11:20:13,879 | DEBUG | ulauncher.ui.windows.UlauncherWindow: show_results() | render 0 results
2022-07-23 11:20:15,167 | DEBUG | ulauncher.ui.windows.UlauncherWindow: show_results() | render 9 results
2022-07-23 11:20:16,788 | DEBUG | ulauncher.ui.windows.UlauncherWindow: show_results() | render 6 results
2022-07-23 11:20:17,498 | DEBUG | ulauncher.ui.windows.UlauncherWindow: show_results() | render 2 results
2022-07-23 11:20:18,616 | DEBUG | ulauncher.ui.windows.UlauncherWindow: show_results() | render 6 results
2022-07-23 11:20:18,832 | DEBUG | ulauncher.ui.windows.UlauncherWindow: show_results() | render 9 results
2022-07-23 11:20:19,005 | DEBUG | ulauncher.ui.windows.UlauncherWindow: show_results() | render 0 results
2022-07-23 11:24:37,187 | DEBUG | ulauncher.utils.display: get_screens() | Found 1 monitor(s)
2022-07-23 11:24:37,188 | DEBUG | ulauncher.utils.display: get_screens() |   Monitor 0 - X: 0, Y: 0, W: 1920, H: 1080
2022-07-23 11:24:37,189 | DEBUG | ulauncher.ui.windows.UlauncherWindow: show_results() | render 0 results
2022-07-23 11:24:37,695 | DEBUG | ulauncher.ui.windows.UlauncherWindow: show_results() | render 9 results
2022-07-23 11:24:37,848 | DEBUG | ulauncher.ui.windows.UlauncherWindow: show_results() | render 6 results
2022-07-23 11:24:37,905 | DEBUG | ulauncher.ui.windows.UlauncherWindow: show_results() | render 3 results
2022-07-23 11:24:38,859 | INFO | ulauncher.api.shared.action.LaunchAppAction: run() | Run application GitHub Desktop (/usr/share/applications/github-desktop.desktop) Exec ['github-desktop']
2022-07-23 11:24:38,868 | DEBUG | ulauncher.ui.windows.UlauncherWindow: show_results() | render 0 results
2022-07-23 11:25:23,329 | DEBUG | ulauncher.utils.display: get_screens() | Found 1 monitor(s)
2022-07-23 11:25:23,330 | DEBUG | ulauncher.utils.display: get_screens() |   Monitor 0 - X: 0, Y: 0, W: 1920, H: 1080
2022-07-23 11:25:23,330 | DEBUG | ulauncher.ui.windows.UlauncherWindow: show_results() | render 0 results
2022-07-23 11:25:24,573 | DEBUG | ulauncher.utils.display: get_screens() | Found 1 monitor(s)
2022-07-23 11:25:24,573 | DEBUG | ulauncher.utils.display: get_screens() |   Monitor 0 - X: 0, Y: 0, W: 1920, H: 1080
2022-07-23 11:25:24,574 | DEBUG | ulauncher.ui.windows.UlauncherWindow: show_results() | render 0 results
2022-07-23 11:25:35,903 | DEBUG | ulauncher.utils.display: get_screens() | Found 1 monitor(s)
2022-07-23 11:25:35,903 | DEBUG | ulauncher.utils.display: get_screens() |   Monitor 0 - X: 0, Y: 0, W: 1920, H: 1080
2022-07-23 11:25:35,903 | DEBUG | ulauncher.ui.windows.UlauncherWindow: show_results() | render 0 results
2022-07-23 11:25:37,022 | DEBUG | ulauncher.ui.windows.UlauncherWindow: show_results() | render 9 results
2022-07-23 11:25:37,241 | DEBUG | ulauncher.ui.windows.UlauncherWindow: show_results() | render 7 results
2022-07-23 11:25:37,318 | DEBUG | ulauncher.ui.windows.UlauncherWindow: show_results() | render 7 results
2022-07-23 11:25:37,993 | INFO | ulauncher.api.shared.action.LaunchAppAction: run() | Run application Firefox (/usr/share/applications/firefox.desktop) Exec ['firefox']
2022-07-23 11:25:37,998 | DEBUG | ulauncher.ui.windows.UlauncherWindow: show_results() | render 0 results
2022-07-23 11:28:47,440 | DEBUG | ulauncher.utils.display: get_screens() | Found 1 monitor(s)
2022-07-23 11:28:47,440 | DEBUG | ulauncher.utils.display: get_screens() |   Monitor 0 - X: 0, Y: 0, W: 1920, H: 1080
2022-07-23 11:28:47,441 | DEBUG | ulauncher.ui.windows.UlauncherWindow: show_results() | render 0 results
2022-07-23 11:28:47,819 | DEBUG | ulauncher.ui.windows.UlauncherWindow: show_results() | render 9 results
2022-07-23 11:28:48,226 | DEBUG | ulauncher.ui.windows.UlauncherWindow: show_results() | render 9 results
2022-07-23 11:28:48,636 | INFO | ulauncher.api.shared.action.LaunchAppAction: run() | Run application Krusader (/usr/share/applications/org.kde.krusader.desktop) Exec ['krusader', '-qwindowtitle']
2022-07-23 11:28:48,642 | DEBUG | ulauncher.ui.windows.UlauncherWindow: show_results() | render 0 results
