(11:11:24) DEBUG:   [Legendary]:       Running Legendary command: /app/bin/heroic/resources/app.asar.unpacked/build/bin/linux/legendary --version
(11:11:25) INFO:    [Legendary]:       Legendary location: /app/bin/heroic/resources/app.asar.unpacked/build/bin/linux/legendary
(11:11:25) INFO:    [Gog]:             GOGDL location: /app/bin/heroic/resources/app.asar.unpacked/build/bin/linux/gogdl
(11:11:25) INFO:    [Backend]:         

Heroic Version: 2.3.9 Brook
Legendary Version:  0.20.26 Dark Energy
OS: Freedesktop.org KERNEL: 5.18.11-201.fsync.fc36.x86_64 ARCH: x64
CPU: Intel Core™ i5-10600K @4.1 GOVERNOR: powersave
RAM: Total: 31.14 GiB Available: 25.12 GiB
GRAPHICS: GPU0: Device 73df VRAM: 1MB DRIVER:  
PROTOCOL: wayland

(11:11:25) WARNING: [Backend]:         Failed to register protocol with OS.
(11:11:25) INFO:    [Frontend]:        Refreshing Library
(11:11:25) INFO:    [Legendary]:       Refreshing library...
(11:11:25) INFO:    [Legendary]:       Refreshing Epic Games...
(11:11:26) DEBUG:   [Legendary]:       Running Legendary command: /app/bin/heroic/resources/app.asar.unpacked/build/bin/linux/legendary list
(11:11:27) INFO:    [Legendary]:       Updating game list
(11:11:27) INFO:    [Legendary]:       Game List Updated
(11:11:27) INFO:    [Legendary]:       Checking for game updates: /app/bin/heroic/resources/app.asar.unpacked/build/bin/linux/legendary list-installed --check-updates --tsv
(11:11:27) DEBUG:   [Legendary]:       Running Legendary command: /app/bin/heroic/resources/app.asar.unpacked/build/bin/linux/legendary list-installed --check-updates --tsv
(11:11:28) INFO:    [Backend]:         Downloaded Winetricks
(11:11:28) INFO:    [Legendary]:       Found 0 game(s) to update
(11:11:28) INFO:    [Gog]:             Found 0 game(s) to update
(11:11:28) DEBUG:   [Legendary]:       Using cached install info
(11:11:28) DEBUG:   [Legendary]:       Using cached install info
(11:11:28) WARNING: [Backend]:         default is not writable
(11:11:33) WARNING: [Backend]:         /run/user/1000/doc/e7aad228/Heroic is not writable
(11:11:36) DEBUG:   [Legendary]:       Using cached install info
(11:11:36) INFO:    [Legendary]:       Installing Finch with: /app/bin/heroic/resources/app.asar.unpacked/build/bin/linux/legendary install Finch --platform Windows --base-path /run/user/1000/doc/e7aad228/Heroic --skip-dlcs --skip-sdl -y
(11:11:36) DEBUG:   [Legendary]:       Running Legendary command: /app/bin/heroic/resources/app.asar.unpacked/build/bin/linux/legendary install Finch --platform Windows --base-path /run/user/1000/doc/e7aad228/Heroic --skip-dlcs --skip-sdl -y
(11:11:36) DEBUG:   [Legendary]:       Logging to file "/home/tommi/.var/app/com.heroicgameslauncher.hgl/config/heroic/GamesConfig/Finch.log"
(11:11:39) INFO:    [Backend]:         finished installing
(11:11:39) INFO:    [Backend]:         operation interrupted
(11:11:39) INFO:    [Frontend]:        Refreshing Library
(11:11:39) INFO:    [Legendary]:       Refreshing library...
(11:11:39) INFO:    [Legendary]:       Updating game list
(11:11:39) INFO:    [Legendary]:       Game List Updated
