Launch Command: STEAM_COMPAT_CLIENT_INSTALL_PATH=/home/tommi/.var/app/com.heroicgameslauncher.hgl/.steam/steam STEAM_COMPAT_DATA_PATH=/home/tommi/Games/Heroic/Prefixes/HITMAN3 STEAM_COMPAT_APP_ID=0 SteamAppId=0 SteamGameId=heroic-HITMAN3 PROTON_LOG_DIR=/home/tommi/.var/app/com.heroicgameslauncher.hgl /app/bin/gamemoderun /app/bin/heroic/resources/app.asar.unpacked/build/bin/linux/legendary launch Eider --no-wine --wrapper "'/home/tommi/.local/share/Steam/steamapps/common/Proton - Experimental/proton' run"

System Info:
Heroic Version: 2.3.10 Brook
Legendary Version:  0.20.27 Dark Energy (hotfix)
OS: Freedesktop.org KERNEL: 5.18.11-201.fsync.fc36.x86_64 ARCH: x64
CPU: Intel Core™ i5-10600K @4.1 GOVERNOR: performance
RAM: Total: 31.14 GiB Available: 26.36 GiB
GRAPHICS: GPU0: Device 73df VRAM: 1MB DRIVER:  
PROTOCOL: x11

Game Settings: {
	"autoInstallDxvk": true,
	"autoInstallVkd3d": true,
	"maxSharpness": 2,
	"nvidiaPrime": false,
	"otherOptions": "",
	"savesPath": "/home/tommi/Games/Heroic/Prefixes/HITMAN3/drive_c/users/tommi/Application Data/IO Interactive/Epic/26b935ae1f1d48cf8b5223cd84585a96/HITMAN3/",
	"showFps": false,
	"showMangohud": true,
	"targetExe": "",
	"useGameMode": true,
	"wineCrossoverBottle": "Heroic",
	"winePrefix": "/home/tommi/Games/Heroic/Prefixes/HITMAN3",
	"wineVersion": {
		"bin": "/home/tommi/.local/share/Steam/steamapps/common/Proton - Experimental/proton",
		"name": "Proton - Proton - Experimental",
		"type": "proton"
	}
}

Error Log:
[cli] INFO: Logging in...
[Core] INFO: Trying to re-use existing login session...
[cli] INFO: Checking for updates...
[Core] INFO: Getting authentication token...
[cli] INFO: Launching Eider...
gamemodeauto:
Proton: Upgrading prefix from GE-Proton7-24 to 7.0-100 (/home/tommi/Games/Heroic/Prefixes/HITMAN3/)
Proton: Prefix has an invalid version?! You may want to back up user files and delete this prefix.
gamemodeauto:
fsync: up and running.
wine: RLIMIT_NICE is <= 20, unable to use setpriority safely
WARNING: radv is not a conformant Vulkan implementation, testing use only.
WARNING: radv is not a conformant Vulkan implementation, testing use only.
wine: configuration in L"/home/tommi/Games/Heroic/Prefixes/HITMAN3/pfx" has been updated.
[S_API] SteamAPI_Init(): SteamAPI_IsSteamRunning() did not locate a running instance of Steam.
[S_API FAIL] SteamAPI_Init() failed
WARNING: radv is not a conformant Vulkan implementation, testing use only.
WARNING: radv is not a conformant Vulkan implementation, testing use only.
Error: unsupported processor. Only Intel(R) processors are supported (Atom(R) and microarchitecture codename Nehalem/Nehalem-EP, At
om(tm), Westmere/Clarkdale, Sandy Bridge, Westmere-EP, Sandy Bridge-EP/Jaketown, Nehalem-EX, Westmere-EX, Ivy Bridge, Haswell, Broad
well, Ivy Bridge-EP/EN/EX/Ivytown, Haswell-EP/EN
/EX, Broadwell-EP/EX, Skylake-
SP, Broadwell-DE, Knights Landing
, Skylake, Kabylake). CPU
model number:
165 Brand: "Intel(R) Cor
e(TM) i5-10600K CPU @ 4.10GHz
"
WARNING: radv is not a conformant Vulkan implementation, testing use only.
WARNING: radv is not a conformant Vulkan implementation, testing use only.
wine: Unhandled page fault on read access to 0000000000000000 at address 000000014137FC74 (thread 01bc), starting debugger...
Unhandled exception: page fault on read access to 0x0000000000000000 in 64-bit code (0x000000014137fc74).
Register dump:
 rip:000000014137fc74 rsp:000000000011b6f0 rbp:000000000011b7f0 eflags:00010246 (  R- --  I  Z- -P- )
 rax:0000000000000400 rbx:0000000000000000 rcx:0000000000000000 rdx:0000000000000001
 rsi:0000000000000000 rdi:0000000000000004  r8:000000000011b770  r9:0000000000000004 r10:0000000140082ca0
 r11:0000000000000246 r12:0000000000000001 r13:00000003ba9187b8 r14:0000000000000002 r15:00000003ba918260
Stack dump:
0x000000000011b6f0:  0000000000000000 0000000000000000
0x000000000011b700:  0000000100000004 0000000300000004
0x000000000011b710:  000000000011bbc0 000000000011bcd0
0x000000000011b720:  000000014236de00 000000014236de00
0x000000000011b730:  000000014236de00 000000014236de00
0x000000000011b740:  0000000000000000 00000000ffffffff
0x000000000011b750:  0000000000000000 00000003bdb83420
0x000000000011b760:  00000003bda02640 0000000000000000
0x000000000011b770:  000000000011bdb0 0000000000000057
0x000000000011b780:  0000000000000009 00000003bdb52e78
0x000000000011b790:  00000003bdb22d10 00000003bdac2aa8
0x000000000011b7a0:  0000000000000000 00000000002ecc30
Backtrace:
=>0 0x000000014137fc74 ??0AuthenticatedEncryption@cat@@QEAA@AEBV01@@Z+0x2304e4() in hitman3 (0x000000000011b7f0)
1 0x000000014127d7e5 ??0AuthenticatedEncryption@cat@@QEAA@AEBV01@@Z+0x12e055() in hitman3 (0x000000000011d630)
  2 0x000000014122f663 ??0AuthenticatedEncryption@cat@@QEAA@AEBV01@@Z+0xdfed3() in hitman3 (0x000000000011d6a0)
3 0x00000001400a3777 ?BeginKDF@HMAC_MD5@cat@@MEAA_NXZ+0x75f7() in hitman3 (0x000000000011d830)
4 0x000000014123000a ??0AuthenticatedEncryption@cat@@QEAA@AEBV01@@Z+0xe087a() in hitman3 (0x000000000011d830)
5 0x00000001400d6979 ??1ChaChaKey@cat@@QEAA@XZ+0x149d9() in hitman3 (0x000000000011d830)
  6 0x0000000140084995 ?GetCategoryStats@MemoryMgr@AK@@YAXJAEAUCategoryStats@12@@Z+0x1cf5() in hitman3 (0x000000000011dd60)
7 0x00000001400d503f ??1ChaChaKey@cat@@QEAA@XZ+0x1309f() in hitman3 (0x000000000011def0)
8 0x0000000140087d32 ?GetCategoryStats@MemoryMgr@AK@@YAXJAEAUCategoryStats@12@@Z+0x5092() in hitman3 (0x000000000011e180)
9 0x0000000141b0f14e ??0AuthenticatedEncryption@cat@@QEAA@AEBV01@@Z+0x9bf9be() in hitman3 (0x0000000000000000)
10 0x000000007b62c9e9 ActivateActCtx+0x20da5() in kernel32 (0x0000000000000000)
11 0x000000017005f5d7 A_SHAFinal+0x3ca57() in ntdll (0x0000000000000000)
0x000000014137fc74 hitman3+0x137fc74: movq	(%rcx),%rax
Modules:
Module	Address					Debug info	Name (114 modules)
PE	00000000006a0000-00000000009c3000	Deferred        gfesdk
PE	00000000009d0000-0000000000a75000	Deferred        anselsdk64
PE	0000000000a80000-0000000001745000	Deferred        eossdk-win64-shipping
PE	0000000001750000-00000000017ed000	Deferred        msvcp140
PE	00000000017f0000-0000000001807000	Deferred        vcruntime140
PE	0000000001810000-0000000001814000	Deferred        api-ms-win-crt-runtime-l1-1-0
PE	0000000001820000-0000000001823000	Deferred        api-ms-win-crt-heap-l1-1-0
PE	0000000001830000-0000000001834000	Deferred        api-ms-win-crt-stdio-l1-1-0
PE	0000000001840000-0000000001843000	Deferred        api-ms-win-crt-locale-l1-1-0
PE	0000000001850000-0000000001855000	Deferred        api-ms-win-crt-math-l1-1-0
PE	0000000001860000-0000000001863000	Deferred        api-ms-win-crt-time-l1-1-0
PE	0000000001870000-0000000001873000	Deferred        api-ms-win-crt-conio-l1-1-0
PE	0000000001880000-000000000188f000	Deferred        amd_ags_x64
PE	0000000001890000-00000000018d9000	Deferred        libscepad
PE	00000000018e0000-00000000019ab000	Deferred        openvr_api
PE	00000000019b0000-00000000019b9000	Deferred        3druddersdk
PE	00000000019c0000-0000000001f77000	Deferred        nrd
PE	0000000001f80000-0000000002021000	Deferred        nri
PE	0000000002030000-000000000203d000	Deferred        winpixeventruntime
PE	0000000002040000-0000000002052000	Deferred        pxfoundation_x64
PE	0000000002060000-000000000226f000	Deferred        physx3_x64
PE	0000000002270000-000000000229f000	Deferred        physx3characterkinematic_x64
PE	00000000022a0000-000000000242d000	Deferred        physx3common_x64
PE	0000000002430000-0000000002470000	Deferred        physx3cooking_x64
PE	000000007b000000-000000007b0d9000	Deferred        kernelbase
PE	000000007b600000-000000007b812000	Export          kernel32
PE	0000000140000000-0000000144a88000	Export          hitman3
PE	0000000170000000-00000001700a1000	Export          ntdll
PE	0000000180000000-00000001800fa000	Deferred        ucrtbase
PE	00000001c69e0000-00000001c72fc000	Deferred        shell32
PE	00000001c8b40000-00000001c8b60000	Deferred        msacm32
PE	00000001c8db0000-00000001c8e47000	Deferred        msvcrt
PE	00000001cd360000-00000001cd364000	Deferred        api-ms-win-core-file-l1-1-0
PE	00000001cd860000-00000001cd863000	Deferred        api-ms-win-crt-utility-l1-1-0
PE	00000001d14b0000-00000001d14b3000	Deferred        api-ms-win-core-util-l1-1-0
PE	00000001d8e40000-00000001d8e43000	Deferred        api-ms-win-core-file-l1-2-0
PE	00000001d97a0000-00000001d97a7000	Deferred        api-ms-win-core-fibers-l1-1-1
PE	00000001dd3f0000-00000001dd4bd000	Deferred        crypt32
PE	00000001e7610000-00000001e7617000	Deferred        normaliz
PE	00000001ec2b0000-00000001ec2d6000	Deferred        ws2_32
PE	00000001f51e0000-00000001f51f0000	Deferred        hid
PE	00000001fdfd0000-00000001fdff8000	Deferred        wintrust
PE	0000000201cf0000-0000000201d0f000	Deferred        secur32
PE	0000000205950000-0000000205958000	Deferred        api-ms-win-appmodel-runtime-l1-1-2
PE	000000020ade0000-000000020adf2000	Deferred        pdh
PE	0000000212bb0000-0000000212bb3000	Deferred        api-ms-win-core-processthreads-l1-1-1
PE	0000000216730000-0000000216733000	Deferred        api-ms-win-core-handle-l1-1-0
PE	000000021a380000-000000021a392000	Deferred        xinput9_1_0
PE	000000021a7e0000-000000021a855000	Deferred        setupapi
PE	000000021b8f0000-000000021b8f3000	Deferred        api-ms-win-core-namedpipe-l1-1-0
PE	0000000226310000-0000000226313000	Deferred        api-ms-win-core-string-l1-1-0
PE	0000000231ae0000-0000000231b62000	Deferred        rpcrt4
PE	000000023d820000-000000023da6e000	Deferred        user32
PE	0000000240030000-000000024005d000	Deferred        iphlpapi
PE	0000000241850000-0000000241853000	Deferred        api-ms-win-crt-environment-l1-1-0
PE	0000000256480000-0000000256483000	Deferred        api-ms-win-core-datetime-l1-1-0
PE	0000000263a00000-0000000263a03000	Deferred        api-ms-win-core-sysinfo-l1-1-0
PE	000000026b4c0000-000000026b53a000	Deferred        gdi32
PE	00000002739c0000-0000000273af7000	Deferred        oleaut32
PE	0000000274a50000-0000000274a5d000	Deferred        kerberos
PE	0000000280ce0000-0000000280ce3000	Deferred        api-ms-win-core-interlocked-l1-1-0
PE	000000028d6c0000-000000028d6c3000	Deferred        api-ms-win-core-memory-l1-1-0
PE	000000028dfa0000-000000028dfac000	Deferred        nsi
PE	000000028ebe0000-000000028ebe8000	Deferred        api-ms-win-core-sysinfo-l1-2-1
PE	000000029cfc0000-000000029cfd6000	Deferred        dnsapi
PE	000000029ea80000-000000029ea87000	Deferred        api-ms-win-core-datetime-l1-1-1
PE	00000002a4090000-00000002a409e000	Deferred        wtsapi32
PE	00000002bb750000-00000002bb894000	Deferred        comctl32
PE	00000002d1070000-00000002d1089000	Deferred        cryptnet
PE	00000002d4d40000-00000002d4d57000	Deferred        bcrypt
PE	00000002d5140000-00000002d5143000	Deferred        api-ms-win-core-file-l2-1-0
PE	00000002de970000-00000002de9a2000	Deferred        rsaenh
PE	00000002e1360000-00000002e1363000	Deferred        api-ms-win-core-processenvironment-l1-1-0
PE	00000002e3540000-00000002e3591000	Deferred        shlwapi
PE	00000002e8f10000-00000002e902a000	Deferred        ole32
PE	00000002edf00000-00000002ee0f0000	Deferred        dxgi
PE	00000002f1fa0000-00000002f1fae000	Deferred        version
PE	00000002f7f20000-00000002f7f2e000	Deferred        vcruntime140_1
PE	00000002fa030000-00000002fa037000	Deferred        api-ms-win-core-localization-obsolete-l1-2-0
PE	00000002fa6b0000-00000002fa6b3000	Deferred        api-ms-win-core-console-l1-1-0
PE	00000002fe110000-00000002fe115000	Deferred        api-ms-win-crt-multibyte-l1-1-0
PE	00000003001a0000-00000003001a3000	Deferred        api-ms-win-core-processthreads-l1-1-0
PE	0000000306e10000-0000000306e13000	Deferred        api-ms-win-core-timezone-l1-1-0
PE	0000000308050000-000000030809b000	Deferred        dinput8
PE	000000030c980000-000000030c983000	Deferred        api-ms-win-core-synch-l1-2-0
PE	00000003126f0000-0000000312709000	Deferred        shcore
PE	0000000327020000-0000000327073000	Deferred        combase
PE	000000032a700000-000000032a72a000	Deferred        sechost
PE	0000000330260000-00000003302a0000	Deferred        advapi32
PE	000000033a7c0000-000000033a7c3000	Deferred        api-ms-win-core-profile-l1-1-0
PE	000000033ea00000-000000033ea04000	Deferred        api-ms-win-crt-string-l1-1-0
PE	000000033f0c0000-000000033f0c3000	Deferred        api-ms-win-core-heap-l1-1-0
PE	0000000344840000-0000000344843000	Deferred        api-ms-win-crt-filesystem-l1-1-0
PE	0000000346ba0000-0000000346bc1000	Deferred        jsproxy
PE	0000000350a30000-0000000350a34000	Deferred        api-ms-win-crt-convert-l1-1-0
PE	0000000351680000-0000000351688000	Deferred        api-ms-win-core-localization-l1-2-1
PE	0000000353520000-0000000353523000	Deferred        api-ms-win-core-localization-l1-2-0
PE	0000000358120000-0000000358166000	Deferred        winhttp
PE	0000000359050000-0000000359335000	Deferred        d3d11
PE	000000035e4e0000-000000035e755000	Deferred        d3d12
PE	0000000361450000-0000000361453000	Deferred        api-ms-win-core-synch-l1-1-0
PE	0000000375610000-0000000375648000	Deferred        win32u
PE	0000000376c50000-0000000376c53000	Deferred        api-ms-win-core-errorhandling-l1-1-0
PE	00000003785e0000-00000003785ed000	Deferred        vulkan-1
PE	000000038b5a0000-000000038b5f2000	Deferred        wldap32
PE	0000000390d90000-0000000390d93000	Deferred        api-ms-win-core-libraryloader-l1-1-0
PE	000000039cce0000-000000039cce3000	Deferred        api-ms-win-core-rtlsupport-l1-1-0
PE	00000003a19e0000-00000003a19ef000	Deferred        ncrypt
PE	00000003a2900000-00000003a2903000	Deferred        api-ms-win-core-debug-l1-1-0
PE	00000003afd00000-00000003afd1a000	Deferred        imm32
PE	00000003b5000000-00000003b5013000	Deferred        msasn1
PE	00000003b6dc0000-00000003b6de5000	Deferred        winevulkan
PE	00000003b8f00000-00000003b8fc1000	Deferred        winmm
PE	00007f969ef00000-00007f969ef04000	Deferred        winex11
Threads:
process  tid      prio (all id:s are in hex)
00000020 steam.exe
	00000024    0
	00000154    0
000001a0    0
00000030 services.exe
	00000034    0
	00000038    0
00000044    0
00000054    0
00000088    0
00000094    0
000000b4    0
000000cc    0
00000100    0
0000003c winedevice.exe
	00000040    0
	0000004c    0
00000050    0
00000058    0
000000d8    0
00000080 winedevice.exe
	00000084    0
	0000008c    0
00000090    0
00000098    0
0000009c    0
000000a0    0
000000a8    0
000000ac plugplay.exe
	000000b0    0
	000000b8    0
000000bc    0
000000c0    0
000000c4 svchost.exe
	000000c8    0
	000000d0    0
000000d4    0
000000f8 rpcss.exe
	000000fc    0
	00000104    0
00000108    0
0000010c    0
00000110    0
00000184    0
0000015c explorer.exe
	00000160    0
	0000016c    0
00000180    0
00000188 tabtip.exe
	0000018c    0
	00000194    0
000001a4    0
00000198 Launcher.exe
	0000019c    1
000001a8    1
000001ac    1
000001b4    1
000001b8 (D) Z:\home\tommi\Games\Heroic\HITMAN3\Retail\HITMAN3.exe
	000001bc    1 <==
	000001c0    0
000001c4   15
000001c8    1
000001cc    1
000001d0    2
000001d4    0
000001d8    0
000001dc    0
000001e0    0
000001e4    0
000001e8    0
000001ec    0
000001f0    0
000001f4    0
000001f8    0
000001fc    0
00000200    0
00000204    0
00000208    0
00000214    0
System information:
    Wine build: wine-7.0
    Platform: x86_64
    Version: Windows 10
    Host system: Linux
    Host version: 5.18.11-201.fsync.fc36.x86_64
WARNING: radv is not a conformant Vulkan implementation, testing use only.
WARNING: radv is not a conformant Vulkan implementation, testing use only.
wine: Unhandled page fault on read access to 0000000000000000 at address 000000014137FC74 (thread 021c), starting debugger...
gamemodeauto:
