[01F0:01F4][2022-07-20T09:33:49]i001: Burn v3.10.4.4718, Windows v6.1 (Build 7601: Service Pack 1), path: C:\windows\temp\{D0818469-29E4-4AD1-A4BE-0FF067E42176}\.cr\VC_redist.x64.exe
[01F0:01F4][2022-07-20T09:33:49]i009: Command Line: '-burn.clean.room=Z:\home\tommi\Downloads\VC_redist.x64.exe -burn.filehandle.attached=140 -burn.filehandle.self=144'
[01F0:01F4][2022-07-20T09:33:49]i000: Setting string variable 'WixBundleOriginalSource' to value 'Z:\home\tommi\Downloads\VC_redist.x64.exe'
[01F0:01F4][2022-07-20T09:33:49]i000: Setting string variable 'WixBundleOriginalSourceFolder' to value 'Z:\home\tommi\Downloads\'
[01F0:01F4][2022-07-20T09:33:49]i000: Setting string variable 'WixBundleLog' to value 'C:\users\tommi\Temp\dd_vcredist_amd64_20220720093349.log'
[01F0:01F4][2022-07-20T09:33:49]i000: Setting string variable 'WixBundleName' to value 'Microsoft Visual C++ 2015-2022 Redistributable (x64) - 14.32.31332'
[01F0:01F4][2022-07-20T09:33:49]i000: Setting string variable 'WixBundleManufacturer' to value 'Microsoft Corporation'
[01F0:0200][2022-07-20T09:33:49]i000: Setting version variable 'WixBundleFileVersion' to value '14.32.31332.0'
[01F0:01F4][2022-07-20T09:33:49]i100: Detect begin, 11 packages
[01F0:01F4][2022-07-20T09:33:49]i000: Setting string variable 'Arm64_Check' to value 'AMD64'
[01F0:01F4][2022-07-20T09:33:49]i000: Setting version variable 'windows_uCRT_DetectKey' to value '10.0.14393.2247'
[01F0:01F4][2022-07-20T09:33:49]i000: Setting numeric variable 'windows_uCRT_DetectKeyExists' to value 1
[01F0:01F4][2022-07-20T09:33:49]i102: Detected related bundle: {2c673fb6-3e65-4751-965d-33d30b68a8a6}, type: Upgrade, scope: PerMachine, version: 14.29.30139.0, operation: MajorUpgrade
[01F0:01F4][2022-07-20T09:33:49]i052: Condition '(VersionNT = v6.3 AND NOT VersionNT64) AND (windows_uCRT_DetectKeyExists AND windows_uCRT_DetectKey >= v10.0.10240.0)' evaluates to false.
[01F0:01F4][2022-07-20T09:33:49]i052: Condition '(VersionNT = v6.3 AND VersionNT64) AND (windows_uCRT_DetectKeyExists AND windows_uCRT_DetectKey >= v10.0.10240.0)' evaluates to false.
[01F0:01F4][2022-07-20T09:33:49]i052: Condition '(VersionNT = v6.2 AND NOT VersionNT64) AND (windows_uCRT_DetectKeyExists AND windows_uCRT_DetectKey >= v10.0.10240.0)' evaluates to false.
[01F0:01F4][2022-07-20T09:33:49]i052: Condition '(VersionNT = v6.2 AND VersionNT64) AND (windows_uCRT_DetectKeyExists AND windows_uCRT_DetectKey >= v10.0.10240.0)' evaluates to false.
[01F0:01F4][2022-07-20T09:33:49]i052: Condition '(VersionNT = v6.1 AND NOT VersionNT64) AND (windows_uCRT_DetectKeyExists AND windows_uCRT_DetectKey >= v10.0.10240.0)' evaluates to false.
[01F0:01F4][2022-07-20T09:33:49]i052: Condition '(VersionNT = v6.1 AND VersionNT64) AND (windows_uCRT_DetectKeyExists AND windows_uCRT_DetectKey >= v10.0.10240.0)' evaluates to true.
[01F0:01F4][2022-07-20T09:33:49]i052: Condition '(VersionNT = v6.0 AND NOT VersionNT64) AND (windows_uCRT_DetectKeyExists AND windows_uCRT_DetectKey >= v10.0.10240.0)' evaluates to false.
[01F0:01F4][2022-07-20T09:33:49]i052: Condition '(VersionNT = v6.0 AND VersionNT64) AND (windows_uCRT_DetectKeyExists AND windows_uCRT_DetectKey >= v10.0.10240.0)' evaluates to false.
[01F0:01F4][2022-07-20T09:33:49]i103: Detected related package: {A6D3F752-BF11-4D7C-B19C-F6F96A35CF50}, scope: PerMachine, version: 14.29.30139.0, language: 0 operation: MajorUpgrade
[01F0:01F4][2022-07-20T09:33:49]i103: Detected related package: {7F4A9F52-173F-4B0D-B1EA-269C32EDA827}, scope: PerMachine, version: 14.29.30139.0, language: 0 operation: MajorUpgrade
[01F0:01F4][2022-07-20T09:33:49]i103: Detected related package: {A6D3F752-BF11-4D7C-B19C-F6F96A35CF50}, scope: PerMachine, version: 14.29.30139.0, language: 0 operation: MajorUpgrade
[01F0:01F4][2022-07-20T09:33:49]i103: Detected related package: {7F4A9F52-173F-4B0D-B1EA-269C32EDA827}, scope: PerMachine, version: 14.29.30139.0, language: 0 operation: MajorUpgrade
[01F0:01F4][2022-07-20T09:33:49]i101: Detected package: Windows81_x86, state: Absent, cached: None
[01F0:01F4][2022-07-20T09:33:49]i101: Detected package: Windows81_x64, state: Absent, cached: None
[01F0:01F4][2022-07-20T09:33:49]i101: Detected package: Windows8_x86, state: Absent, cached: None
[01F0:01F4][2022-07-20T09:33:49]i101: Detected package: Windows8_x64, state: Absent, cached: None
[01F0:01F4][2022-07-20T09:33:49]i101: Detected package: Windows7_MSU_x86, state: Absent, cached: None
[01F0:01F4][2022-07-20T09:33:49]i101: Detected package: Windows7_MSU_x64, state: Present, cached: None
[01F0:01F4][2022-07-20T09:33:49]i101: Detected package: WindowsVista_MSU_x86, state: Absent, cached: None
[01F0:01F4][2022-07-20T09:33:49]i101: Detected package: WindowsVista_MSU_x64, state: Absent, cached: None
[01F0:01F4][2022-07-20T09:33:49]i101: Detected package: vcRuntimeMinimum_x64, state: Absent, cached: None
[01F0:01F4][2022-07-20T09:33:49]i101: Detected package: vcRuntimeAdditional_x64, state: Absent, cached: None
[01F0:01F4][2022-07-20T09:33:49]i101: Detected package: vcRuntime_arm64, state: Absent, cached: None
[01F0:01F4][2022-07-20T09:33:49]i052: Condition 'VersionNT >= v6.1' evaluates to true.
[01F0:01F4][2022-07-20T09:33:49]i199: Detect complete, result: 0x0
[01F0:0200][2022-07-20T09:33:51]i000: Setting numeric variable 'EulaAcceptCheckbox' to value 1
[01F0:01F4][2022-07-20T09:33:51]i200: Plan begin, 11 packages, action: Install
[01F0:01F4][2022-07-20T09:33:51]i052: Condition 'VersionNT = v6.3 AND NOT VersionNT64' evaluates to false.
[01F0:01F4][2022-07-20T09:33:51]w321: Skipping dependency registration on package with no dependency providers: Windows81_x86
[01F0:01F4][2022-07-20T09:33:51]i052: Condition 'VersionNT = v6.3 AND VersionNT64' evaluates to false.
[01F0:01F4][2022-07-20T09:33:51]w321: Skipping dependency registration on package with no dependency providers: Windows81_x64
[01F0:01F4][2022-07-20T09:33:51]i052: Condition 'VersionNT = v6.2 AND NOT VersionNT64' evaluates to false.
[01F0:01F4][2022-07-20T09:33:51]w321: Skipping dependency registration on package with no dependency providers: Windows8_x86
[01F0:01F4][2022-07-20T09:33:51]i052: Condition 'VersionNT = v6.2 AND VersionNT64' evaluates to false.
[01F0:01F4][2022-07-20T09:33:51]w321: Skipping dependency registration on package with no dependency providers: Windows8_x64
[01F0:01F4][2022-07-20T09:33:51]i052: Condition 'VersionNT = v6.1 AND NOT VersionNT64' evaluates to false.
[01F0:01F4][2022-07-20T09:33:51]w321: Skipping dependency registration on package with no dependency providers: Windows7_MSU_x86
[01F0:01F4][2022-07-20T09:33:51]i052: Condition 'VersionNT = v6.1 AND VersionNT64' evaluates to true.
[01F0:01F4][2022-07-20T09:33:51]w321: Skipping dependency registration on package with no dependency providers: Windows7_MSU_x64
[01F0:01F4][2022-07-20T09:33:51]i052: Condition 'VersionNT = v6.0 AND NOT VersionNT64' evaluates to false.
[01F0:01F4][2022-07-20T09:33:51]w321: Skipping dependency registration on package with no dependency providers: WindowsVista_MSU_x86
[01F0:01F4][2022-07-20T09:33:51]i052: Condition 'VersionNT = v6.0 AND VersionNT64' evaluates to false.
[01F0:01F4][2022-07-20T09:33:51]w321: Skipping dependency registration on package with no dependency providers: WindowsVista_MSU_x64
[01F0:01F4][2022-07-20T09:33:51]i052: Condition '(VersionNT64) AND NOT (Arm64_Check = "ARM64")' evaluates to true.
[01F0:01F4][2022-07-20T09:33:51]i000: Setting string variable 'WixBundleRollbackLog_vcRuntimeMinimum_x64' to value 'C:\users\tommi\Temp\dd_vcredist_amd64_20220720093349_000_vcRuntimeMinimum_x64_rollback.log'
[01F0:01F4][2022-07-20T09:33:51]i000: Setting string variable 'WixBundleLog_vcRuntimeMinimum_x64' to value 'C:\users\tommi\Temp\dd_vcredist_amd64_20220720093349_000_vcRuntimeMinimum_x64.log'
[01F0:01F4][2022-07-20T09:33:51]i052: Condition '(VersionNT64) AND NOT (Arm64_Check = "ARM64")' evaluates to true.
[01F0:01F4][2022-07-20T09:33:51]i000: Setting string variable 'WixBundleRollbackLog_vcRuntimeAdditional_x64' to value 'C:\users\tommi\Temp\dd_vcredist_amd64_20220720093349_001_vcRuntimeAdditional_x64_rollback.log'
[01F0:01F4][2022-07-20T09:33:51]i000: Setting string variable 'WixBundleLog_vcRuntimeAdditional_x64' to value 'C:\users\tommi\Temp\dd_vcredist_amd64_20220720093349_001_vcRuntimeAdditional_x64.log'
[01F0:01F4][2022-07-20T09:33:51]i052: Condition 'Arm64_Check = "ARM64"' evaluates to false.
[01F0:01F4][2022-07-20T09:33:51]i201: Planned package: Windows81_x86, state: Absent, default requested: Absent, ba requested: Absent, execute: None, rollback: None, cache: No, uncache: No, dependency: None
[01F0:01F4][2022-07-20T09:33:51]i201: Planned package: Windows81_x64, state: Absent, default requested: Absent, ba requested: Absent, execute: None, rollback: None, cache: No, uncache: No, dependency: None
[01F0:01F4][2022-07-20T09:33:51]i201: Planned package: Windows8_x86, state: Absent, default requested: Absent, ba requested: Absent, execute: None, rollback: None, cache: No, uncache: No, dependency: None
[01F0:01F4][2022-07-20T09:33:51]i201: Planned package: Windows8_x64, state: Absent, default requested: Absent, ba requested: Absent, execute: None, rollback: None, cache: No, uncache: No, dependency: None
[01F0:01F4][2022-07-20T09:33:51]i201: Planned package: Windows7_MSU_x86, state: Absent, default requested: Absent, ba requested: Absent, execute: None, rollback: None, cache: No, uncache: No, dependency: None
[01F0:01F4][2022-07-20T09:33:51]i201: Planned package: Windows7_MSU_x64, state: Present, default requested: Present, ba requested: Present, execute: None, rollback: None, cache: No, uncache: No, dependency: None
[01F0:01F4][2022-07-20T09:33:51]i201: Planned package: WindowsVista_MSU_x86, state: Absent, default requested: Absent, ba requested: Absent, execute: None, rollback: None, cache: No, uncache: No, dependency: None
[01F0:01F4][2022-07-20T09:33:51]i201: Planned package: WindowsVista_MSU_x64, state: Absent, default requested: Absent, ba requested: Absent, execute: None, rollback: None, cache: No, uncache: No, dependency: None
[01F0:01F4][2022-07-20T09:33:51]i201: Planned package: vcRuntimeMinimum_x64, state: Absent, default requested: Present, ba requested: Present, execute: Install, rollback: Uninstall, cache: Yes, uncache: No, dependency: Register
[01F0:01F4][2022-07-20T09:33:51]i201: Planned package: vcRuntimeAdditional_x64, state: Absent, default requested: Present, ba requested: Present, execute: Install, rollback: Uninstall, cache: Yes, uncache: No, dependency: Register
[01F0:01F4][2022-07-20T09:33:51]i201: Planned package: vcRuntime_arm64, state: Absent, default requested: Absent, ba requested: Absent, execute: None, rollback: None, cache: No, uncache: No, dependency: None
[01F0:01F4][2022-07-20T09:33:51]i207: Planned related bundle: {2c673fb6-3e65-4751-965d-33d30b68a8a6}, type: Upgrade, default requested: Absent, ba requested: Absent, execute: Uninstall, rollback: Install, dependency: None
[01F0:01F4][2022-07-20T09:33:51]i299: Plan complete, result: 0x0
[01F0:01F4][2022-07-20T09:33:51]i300: Apply begin
[01F0:01F4][2022-07-20T09:33:51]i010: Launching elevated engine process.
[01F0:01F4][2022-07-20T09:33:51]i011: Launched elevated engine process.
[01F0:01F4][2022-07-20T09:33:51]i012: Connected to elevated engine.
[0208:020C][2022-07-20T09:33:51]i358: Pausing automatic updates.
[0208:020C][2022-07-20T09:33:51]i359: Paused automatic updates.
[0208:020C][2022-07-20T09:33:51]i360: Creating a system restore point.
[0208:020C][2022-07-20T09:33:51]i361: Created a system restore point.
[0208:020C][2022-07-20T09:33:51]i370: Session begin, registration key: SOFTWARE\Microsoft\Windows\CurrentVersion\Uninstall\{3746f21b-c990-4045-bb33-1cf98cff7a68}, options: 0x7, disable resume: No
[0208:020C][2022-07-20T09:33:51]i000: Caching bundle from: 'C:\windows\Temp\{37CDA687-CF19-4F7F-94FB-3888533A1311}\.be\VC_redist.x64.exe' to: 'C:\ProgramData\Package Cache\{3746f21b-c990-4045-bb33-1cf98cff7a68}\VC_redist.x64.exe'
[0208:020C][2022-07-20T09:33:51]i320: Registering bundle dependency provider: VC,redist.x64,amd64,14.32,bundle, version: 14.32.31332.0
[0208:020C][2022-07-20T09:33:51]i371: Updating session, registration key: SOFTWARE\Microsoft\Windows\CurrentVersion\Uninstall\{3746f21b-c990-4045-bb33-1cf98cff7a68}, resume: Active, restart initiated: No, disable resume: No
[0208:0218][2022-07-20T09:33:51]i305: Verified acquired payload: vcRuntimeMinimum_x64 at path: C:\ProgramData\Package Cache\.unverified\vcRuntimeMinimum_x64, moving to: C:\ProgramData\Package Cache\{3407B900-37F5-4CC2-B612-5CD5D580A163}v14.32.31332\packages\vcRuntimeMinimum_amd64\vc_runtimeMinimum_x64.msi.
[0208:0218][2022-07-20T09:33:51]i305: Verified acquired payload: cab5046A8AB272BF37297BB7928664C9503 at path: C:\ProgramData\Package Cache\.unverified\cab5046A8AB272BF37297BB7928664C9503, moving to: C:\ProgramData\Package Cache\{3407B900-37F5-4CC2-B612-5CD5D580A163}v14.32.31332\packages\vcRuntimeMinimum_amd64\cab1.cab.
[0208:0218][2022-07-20T09:33:51]i305: Verified acquired payload: vcRuntimeAdditional_x64 at path: C:\ProgramData\Package Cache\.unverified\vcRuntimeAdditional_x64, moving to: C:\ProgramData\Package Cache\{F4499EE3-A166-496C-81BB-51D1BCDC70A9}v14.32.31332\packages\vcRuntimeAdditional_amd64\vc_runtimeAdditional_x64.msi.
[0208:0218][2022-07-20T09:33:51]i305: Verified acquired payload: cab2C04DDC374BD96EB5C8EB8208F2C7C92 at path: C:\ProgramData\Package Cache\.unverified\cab2C04DDC374BD96EB5C8EB8208F2C7C92, moving to: C:\ProgramData\Package Cache\{F4499EE3-A166-496C-81BB-51D1BCDC70A9}v14.32.31332\packages\vcRuntimeAdditional_amd64\cab1.cab.
[0208:020C][2022-07-20T09:33:51]i301: Applying execute package: vcRuntimeMinimum_x64, action: Install, path: C:\ProgramData\Package Cache\{3407B900-37F5-4CC2-B612-5CD5D580A163}v14.32.31332\packages\vcRuntimeMinimum_amd64\vc_runtimeMinimum_x64.msi, arguments: ' MSIFASTINSTALL="7" NOVSUI="1"'
[01F0:01F4][2022-07-20T09:33:52]i319: Applied execute package: vcRuntimeMinimum_x64, result: 0x0, restart: None
[0208:020C][2022-07-20T09:33:52]i325: Registering dependency: {3746f21b-c990-4045-bb33-1cf98cff7a68} on package provider: Microsoft.VS.VC_RuntimeMinimumVSU_amd64,v14, package: vcRuntimeMinimum_x64
[0208:020C][2022-07-20T09:33:52]i301: Applying execute package: vcRuntimeAdditional_x64, action: Install, path: C:\ProgramData\Package Cache\{F4499EE3-A166-496C-81BB-51D1BCDC70A9}v14.32.31332\packages\vcRuntimeAdditional_amd64\vc_runtimeAdditional_x64.msi, arguments: ' MSIFASTINSTALL="7" NOVSUI="1"'
[01F0:01F4][2022-07-20T09:33:52]i319: Applied execute package: vcRuntimeAdditional_x64, result: 0x0, restart: None
[0208:020C][2022-07-20T09:33:52]i325: Registering dependency: {3746f21b-c990-4045-bb33-1cf98cff7a68} on package provider: Microsoft.VS.VC_RuntimeAdditionalVSU_amd64,v14, package: vcRuntimeAdditional_x64
[0208:020C][2022-07-20T09:33:52]i301: Applying execute package: {2c673fb6-3e65-4751-965d-33d30b68a8a6}, action: Uninstall, path: C:\ProgramData\Package Cache\{2c673fb6-3e65-4751-965d-33d30b68a8a6}\VC_redist.x64.exe, arguments: '"C:\ProgramData\Package Cache\{2c673fb6-3e65-4751-965d-33d30b68a8a6}\VC_redist.x64.exe" -uninstall -quiet -burn.related.upgrade -burn.ancestors={3746f21b-c990-4045-bb33-1cf98cff7a68} -burn.filehandle.self=208'
[01F0:01F4][2022-07-20T09:33:53]i319: Applied execute package: {2c673fb6-3e65-4751-965d-33d30b68a8a6}, result: 0x0, restart: None
[0208:020C][2022-07-20T09:33:53]i372: Session end, registration key: SOFTWARE\Microsoft\Windows\CurrentVersion\Uninstall\{3746f21b-c990-4045-bb33-1cf98cff7a68}, resume: ARP, restart: None, disable resume: No
[0208:020C][2022-07-20T09:33:53]i371: Updating session, registration key: SOFTWARE\Microsoft\Windows\CurrentVersion\Uninstall\{3746f21b-c990-4045-bb33-1cf98cff7a68}, resume: ARP, restart initiated: No, disable resume: No
[01F0:01F4][2022-07-20T09:33:53]i399: Apply complete, result: 0x0, restart: None, ba requested restart:  No
[01F0:01F4][2022-07-20T09:33:55]i500: Shutting down, exit code: 0x0
[01F0:01F4][2022-07-20T09:33:55]i410: Variable: Arm64_Check = AMD64
[01F0:01F4][2022-07-20T09:33:55]i410: Variable: EulaAcceptCheckbox = 1
[01F0:01F4][2022-07-20T09:33:55]i410: Variable: SystemFolder = C:\windows\system32\
[01F0:01F4][2022-07-20T09:33:55]i410: Variable: VersionNT = 6.1.0.0
[01F0:01F4][2022-07-20T09:33:55]i410: Variable: VersionNT64 = 6.1.0.0
[01F0:01F4][2022-07-20T09:33:55]i410: Variable: windows_uCRT_DetectKey = 10.0.14393.2247
[01F0:01F4][2022-07-20T09:33:55]i410: Variable: windows_uCRT_DetectKeyExists = 1
[01F0:01F4][2022-07-20T09:33:55]i410: Variable: WixBundleAction = 5
[01F0:01F4][2022-07-20T09:33:55]i410: Variable: WixBundleElevated = 1
[01F0:01F4][2022-07-20T09:33:55]i410: Variable: WixBundleFileVersion = 14.32.31332.0
[01F0:01F4][2022-07-20T09:33:55]i410: Variable: WixBundleInstalled = 0
[01F0:01F4][2022-07-20T09:33:55]i410: Variable: WixBundleLog = C:\users\tommi\Temp\dd_vcredist_amd64_20220720093349.log
[01F0:01F4][2022-07-20T09:33:55]i410: Variable: WixBundleLog_vcRuntimeAdditional_x64 = C:\users\tommi\Temp\dd_vcredist_amd64_20220720093349_001_vcRuntimeAdditional_x64.log
[01F0:01F4][2022-07-20T09:33:55]i410: Variable: WixBundleLog_vcRuntimeMinimum_x64 = C:\users\tommi\Temp\dd_vcredist_amd64_20220720093349_000_vcRuntimeMinimum_x64.log
[01F0:01F4][2022-07-20T09:33:55]i410: Variable: WixBundleManufacturer = Microsoft Corporation
[01F0:01F4][2022-07-20T09:33:55]i410: Variable: WixBundleName = Microsoft Visual C++ 2015-2022 Redistributable (x64) - 14.32.31332
[01F0:01F4][2022-07-20T09:33:55]i410: Variable: WixBundleOriginalSource = Z:\home\tommi\Downloads\VC_redist.x64.exe
[01F0:01F4][2022-07-20T09:33:55]i410: Variable: WixBundleOriginalSourceFolder = Z:\home\tommi\Downloads\
[01F0:01F4][2022-07-20T09:33:55]i410: Variable: WixBundleProviderKey = VC,redist.x64,amd64,14.32,bundle
[01F0:01F4][2022-07-20T09:33:55]i410: Variable: WixBundleRollbackLog_vcRuntimeAdditional_x64 = C:\users\tommi\Temp\dd_vcredist_amd64_20220720093349_001_vcRuntimeAdditional_x64_rollback.log
[01F0:01F4][2022-07-20T09:33:55]i410: Variable: WixBundleRollbackLog_vcRuntimeMinimum_x64 = C:\users\tommi\Temp\dd_vcredist_amd64_20220720093349_000_vcRuntimeMinimum_x64_rollback.log
[01F0:01F4][2022-07-20T09:33:55]i410: Variable: WixBundleSourceProcessFolder = Z:\home\tommi\Downloads\
[01F0:01F4][2022-07-20T09:33:55]i410: Variable: WixBundleSourceProcessPath = Z:\home\tommi\Downloads\VC_redist.x64.exe
[01F0:01F4][2022-07-20T09:33:55]i410: Variable: WixBundleTag = 
[01F0:01F4][2022-07-20T09:33:55]i410: Variable: WixBundleVersion = 14.32.31332.0
[01F0:01F4][2022-07-20T09:33:55]i007: Exit code: 0x0, restarting: No
