[0130:0134][2022-07-20T09:33:39]i001: Burn v3.10.4.4718, Windows v6.1 (Build 7601: Service Pack 1), path: C:\windows\temp\{0028B9B3-5C91-458B-B6F8-F06A435801FA}\.cr\VC_redist.x86.exe
[0130:0134][2022-07-20T09:33:39]i009: Command Line: '-burn.clean.room=Z:\home\tommi\Downloads\VC_redist.x86.exe -burn.filehandle.attached=140 -burn.filehandle.self=144'
[0130:0134][2022-07-20T09:33:39]i000: Setting string variable 'WixBundleOriginalSource' to value 'Z:\home\tommi\Downloads\VC_redist.x86.exe'
[0130:0134][2022-07-20T09:33:39]i000: Setting string variable 'WixBundleOriginalSourceFolder' to value 'Z:\home\tommi\Downloads\'
[0130:0134][2022-07-20T09:33:39]i000: Setting string variable 'WixBundleLog' to value 'C:\users\tommi\Temp\dd_vcredist_x86_20220720093339.log'
[0130:0134][2022-07-20T09:33:39]i000: Setting string variable 'WixBundleName' to value 'Microsoft Visual C++ 2015-2022 Redistributable (x86) - 14.32.31332'
[0130:0134][2022-07-20T09:33:39]i000: Setting string variable 'WixBundleManufacturer' to value 'Microsoft Corporation'
[0130:0140][2022-07-20T09:33:40]i000: Setting version variable 'WixBundleFileVersion' to value '14.32.31332.0'
[0130:0134][2022-07-20T09:33:40]i100: Detect begin, 10 packages
[0130:0134][2022-07-20T09:33:40]i000: Setting version variable 'windows_uCRT_DetectKey' to value '10.0.14393.2247'
[0130:0134][2022-07-20T09:33:40]i000: Setting numeric variable 'windows_uCRT_DetectKeyExists' to value 1
[0130:0134][2022-07-20T09:33:40]i102: Detected related bundle: {8d5fdf81-7022-423f-bd8b-b513a1050ae1}, type: Upgrade, scope: PerMachine, version: 14.29.30139.0, operation: MajorUpgrade
[0130:0134][2022-07-20T09:33:40]i052: Condition '(VersionNT = v6.3 AND NOT VersionNT64) AND (windows_uCRT_DetectKeyExists AND windows_uCRT_DetectKey >= v10.0.10240.0)' evaluates to false.
[0130:0134][2022-07-20T09:33:40]i052: Condition '(VersionNT = v6.3 AND VersionNT64) AND (windows_uCRT_DetectKeyExists AND windows_uCRT_DetectKey >= v10.0.10240.0)' evaluates to false.
[0130:0134][2022-07-20T09:33:40]i052: Condition '(VersionNT = v6.2 AND NOT VersionNT64) AND (windows_uCRT_DetectKeyExists AND windows_uCRT_DetectKey >= v10.0.10240.0)' evaluates to false.
[0130:0134][2022-07-20T09:33:40]i052: Condition '(VersionNT = v6.2 AND VersionNT64) AND (windows_uCRT_DetectKeyExists AND windows_uCRT_DetectKey >= v10.0.10240.0)' evaluates to false.
[0130:0134][2022-07-20T09:33:40]i052: Condition '(VersionNT = v6.1 AND NOT VersionNT64) AND (windows_uCRT_DetectKeyExists AND windows_uCRT_DetectKey >= v10.0.10240.0)' evaluates to false.
[0130:0134][2022-07-20T09:33:40]i052: Condition '(VersionNT = v6.1 AND VersionNT64) AND (windows_uCRT_DetectKeyExists AND windows_uCRT_DetectKey >= v10.0.10240.0)' evaluates to true.
[0130:0134][2022-07-20T09:33:40]i052: Condition '(VersionNT = v6.0 AND NOT VersionNT64) AND (windows_uCRT_DetectKeyExists AND windows_uCRT_DetectKey >= v10.0.10240.0)' evaluates to false.
[0130:0134][2022-07-20T09:33:40]i052: Condition '(VersionNT = v6.0 AND VersionNT64) AND (windows_uCRT_DetectKeyExists AND windows_uCRT_DetectKey >= v10.0.10240.0)' evaluates to false.
[0130:0134][2022-07-20T09:33:40]i103: Detected related package: {1679EF65-55F3-4248-B91E-6B3BE1A69CDF}, scope: PerMachine, version: 14.29.30139.0, language: 0 operation: MajorUpgrade
[0130:0134][2022-07-20T09:33:40]i103: Detected related package: {1AEA8854-7597-4CD3-948F-8DE364D94E07}, scope: PerMachine, version: 14.29.30139.0, language: 0 operation: MajorUpgrade
[0130:0134][2022-07-20T09:33:40]i101: Detected package: Windows81_x86, state: Absent, cached: None
[0130:0134][2022-07-20T09:33:40]i101: Detected package: Windows81_x64, state: Absent, cached: None
[0130:0134][2022-07-20T09:33:40]i101: Detected package: Windows8_x86, state: Absent, cached: None
[0130:0134][2022-07-20T09:33:40]i101: Detected package: Windows8_x64, state: Absent, cached: None
[0130:0134][2022-07-20T09:33:40]i101: Detected package: Windows7_MSU_x86, state: Absent, cached: None
[0130:0134][2022-07-20T09:33:40]i101: Detected package: Windows7_MSU_x64, state: Present, cached: None
[0130:0134][2022-07-20T09:33:40]i101: Detected package: WindowsVista_MSU_x86, state: Absent, cached: None
[0130:0134][2022-07-20T09:33:40]i101: Detected package: WindowsVista_MSU_x64, state: Absent, cached: None
[0130:0134][2022-07-20T09:33:40]i101: Detected package: vcRuntimeMinimum_x86, state: Absent, cached: None
[0130:0134][2022-07-20T09:33:40]i101: Detected package: vcRuntimeAdditional_x86, state: Absent, cached: None
[0130:0134][2022-07-20T09:33:40]i052: Condition 'VersionNT >= v6.1' evaluates to true.
[0130:0134][2022-07-20T09:33:40]i199: Detect complete, result: 0x0
[0130:0140][2022-07-20T09:33:42]i000: Setting numeric variable 'EulaAcceptCheckbox' to value 1
[0130:0134][2022-07-20T09:33:42]i200: Plan begin, 10 packages, action: Install
[0130:0134][2022-07-20T09:33:42]i052: Condition 'VersionNT = v6.3 AND NOT VersionNT64' evaluates to false.
[0130:0134][2022-07-20T09:33:42]w321: Skipping dependency registration on package with no dependency providers: Windows81_x86
[0130:0134][2022-07-20T09:33:42]i052: Condition 'VersionNT = v6.3 AND VersionNT64' evaluates to false.
[0130:0134][2022-07-20T09:33:42]w321: Skipping dependency registration on package with no dependency providers: Windows81_x64
[0130:0134][2022-07-20T09:33:42]i052: Condition 'VersionNT = v6.2 AND NOT VersionNT64' evaluates to false.
[0130:0134][2022-07-20T09:33:42]w321: Skipping dependency registration on package with no dependency providers: Windows8_x86
[0130:0134][2022-07-20T09:33:42]i052: Condition 'VersionNT = v6.2 AND VersionNT64' evaluates to false.
[0130:0134][2022-07-20T09:33:42]w321: Skipping dependency registration on package with no dependency providers: Windows8_x64
[0130:0134][2022-07-20T09:33:42]i052: Condition 'VersionNT = v6.1 AND NOT VersionNT64' evaluates to false.
[0130:0134][2022-07-20T09:33:42]w321: Skipping dependency registration on package with no dependency providers: Windows7_MSU_x86
[0130:0134][2022-07-20T09:33:42]i052: Condition 'VersionNT = v6.1 AND VersionNT64' evaluates to true.
[0130:0134][2022-07-20T09:33:42]w321: Skipping dependency registration on package with no dependency providers: Windows7_MSU_x64
[0130:0134][2022-07-20T09:33:42]i052: Condition 'VersionNT = v6.0 AND NOT VersionNT64' evaluates to false.
[0130:0134][2022-07-20T09:33:42]w321: Skipping dependency registration on package with no dependency providers: WindowsVista_MSU_x86
[0130:0134][2022-07-20T09:33:42]i052: Condition 'VersionNT = v6.0 AND VersionNT64' evaluates to false.
[0130:0134][2022-07-20T09:33:42]w321: Skipping dependency registration on package with no dependency providers: WindowsVista_MSU_x64
[0130:0134][2022-07-20T09:33:42]i000: Setting string variable 'WixBundleRollbackLog_vcRuntimeMinimum_x86' to value 'C:\users\tommi\Temp\dd_vcredist_x86_20220720093339_000_vcRuntimeMinimum_x86_rollback.log'
[0130:0134][2022-07-20T09:33:42]i000: Setting string variable 'WixBundleLog_vcRuntimeMinimum_x86' to value 'C:\users\tommi\Temp\dd_vcredist_x86_20220720093339_000_vcRuntimeMinimum_x86.log'
[0130:0134][2022-07-20T09:33:42]i000: Setting string variable 'WixBundleRollbackLog_vcRuntimeAdditional_x86' to value 'C:\users\tommi\Temp\dd_vcredist_x86_20220720093339_001_vcRuntimeAdditional_x86_rollback.log'
[0130:0134][2022-07-20T09:33:42]i000: Setting string variable 'WixBundleLog_vcRuntimeAdditional_x86' to value 'C:\users\tommi\Temp\dd_vcredist_x86_20220720093339_001_vcRuntimeAdditional_x86.log'
[0130:0134][2022-07-20T09:33:42]i201: Planned package: Windows81_x86, state: Absent, default requested: Absent, ba requested: Absent, execute: None, rollback: None, cache: No, uncache: No, dependency: None
[0130:0134][2022-07-20T09:33:42]i201: Planned package: Windows81_x64, state: Absent, default requested: Absent, ba requested: Absent, execute: None, rollback: None, cache: No, uncache: No, dependency: None
[0130:0134][2022-07-20T09:33:42]i201: Planned package: Windows8_x86, state: Absent, default requested: Absent, ba requested: Absent, execute: None, rollback: None, cache: No, uncache: No, dependency: None
[0130:0134][2022-07-20T09:33:42]i201: Planned package: Windows8_x64, state: Absent, default requested: Absent, ba requested: Absent, execute: None, rollback: None, cache: No, uncache: No, dependency: None
[0130:0134][2022-07-20T09:33:42]i201: Planned package: Windows7_MSU_x86, state: Absent, default requested: Absent, ba requested: Absent, execute: None, rollback: None, cache: No, uncache: No, dependency: None
[0130:0134][2022-07-20T09:33:42]i201: Planned package: Windows7_MSU_x64, state: Present, default requested: Present, ba requested: Present, execute: None, rollback: None, cache: No, uncache: No, dependency: None
[0130:0134][2022-07-20T09:33:42]i201: Planned package: WindowsVista_MSU_x86, state: Absent, default requested: Absent, ba requested: Absent, execute: None, rollback: None, cache: No, uncache: No, dependency: None
[0130:0134][2022-07-20T09:33:42]i201: Planned package: WindowsVista_MSU_x64, state: Absent, default requested: Absent, ba requested: Absent, execute: None, rollback: None, cache: No, uncache: No, dependency: None
[0130:0134][2022-07-20T09:33:42]i201: Planned package: vcRuntimeMinimum_x86, state: Absent, default requested: Present, ba requested: Present, execute: Install, rollback: Uninstall, cache: Yes, uncache: No, dependency: Register
[0130:0134][2022-07-20T09:33:42]i201: Planned package: vcRuntimeAdditional_x86, state: Absent, default requested: Present, ba requested: Present, execute: Install, rollback: Uninstall, cache: Yes, uncache: No, dependency: Register
[0130:0134][2022-07-20T09:33:42]i207: Planned related bundle: {8d5fdf81-7022-423f-bd8b-b513a1050ae1}, type: Upgrade, default requested: Absent, ba requested: Absent, execute: Uninstall, rollback: Install, dependency: None
[0130:0134][2022-07-20T09:33:42]i299: Plan complete, result: 0x0
[0130:0134][2022-07-20T09:33:42]i300: Apply begin
[0130:0134][2022-07-20T09:33:42]i010: Launching elevated engine process.
[0130:0134][2022-07-20T09:33:42]i011: Launched elevated engine process.
[0130:0134][2022-07-20T09:33:42]i012: Connected to elevated engine.
[0148:014C][2022-07-20T09:33:42]i358: Pausing automatic updates.
[0148:014C][2022-07-20T09:33:42]i359: Paused automatic updates.
[0148:014C][2022-07-20T09:33:42]i360: Creating a system restore point.
[0148:014C][2022-07-20T09:33:42]i361: Created a system restore point.
[0148:014C][2022-07-20T09:33:42]i370: Session begin, registration key: SOFTWARE\Microsoft\Windows\CurrentVersion\Uninstall\{a98dc6ff-d360-4878-9f0a-915eba86eaf3}, options: 0x7, disable resume: No
[0148:014C][2022-07-20T09:33:42]i000: Caching bundle from: 'C:\windows\Temp\{E8FE9C8B-7E46-40DB-AE94-75F9CED767AA}\.be\VC_redist.x86.exe' to: 'C:\ProgramData\Package Cache\{a98dc6ff-d360-4878-9f0a-915eba86eaf3}\VC_redist.x86.exe'
[0148:014C][2022-07-20T09:33:42]i320: Registering bundle dependency provider: VC,redist.x86,x86,14.32,bundle, version: 14.32.31332.0
[0148:014C][2022-07-20T09:33:42]i371: Updating session, registration key: SOFTWARE\Microsoft\Windows\CurrentVersion\Uninstall\{a98dc6ff-d360-4878-9f0a-915eba86eaf3}, resume: Active, restart initiated: No, disable resume: No
[0148:0158][2022-07-20T09:33:42]i305: Verified acquired payload: vcRuntimeMinimum_x86 at path: C:\ProgramData\Package Cache\.unverified\vcRuntimeMinimum_x86, moving to: C:\ProgramData\Package Cache\{AEAA18F7-9C96-4A43-BC07-8B88A4913EEB}v14.32.31332\packages\vcRuntimeMinimum_x86\vc_runtimeMinimum_x86.msi.
[0148:0158][2022-07-20T09:33:42]i305: Verified acquired payload: cab54A5CABBE7274D8A22EB58060AAB7623 at path: C:\ProgramData\Package Cache\.unverified\cab54A5CABBE7274D8A22EB58060AAB7623, moving to: C:\ProgramData\Package Cache\{AEAA18F7-9C96-4A43-BC07-8B88A4913EEB}v14.32.31332\packages\vcRuntimeMinimum_x86\cab1.cab.
[0148:0158][2022-07-20T09:33:42]i305: Verified acquired payload: vcRuntimeAdditional_x86 at path: C:\ProgramData\Package Cache\.unverified\vcRuntimeAdditional_x86, moving to: C:\ProgramData\Package Cache\{8972AC25-452E-4FFE-945A-EB9E28C20322}v14.32.31332\packages\vcRuntimeAdditional_x86\vc_runtimeAdditional_x86.msi.
[0148:0158][2022-07-20T09:33:42]i305: Verified acquired payload: cabB3E1576D1FEFBB979E13B1A5379E0B16 at path: C:\ProgramData\Package Cache\.unverified\cabB3E1576D1FEFBB979E13B1A5379E0B16, moving to: C:\ProgramData\Package Cache\{8972AC25-452E-4FFE-945A-EB9E28C20322}v14.32.31332\packages\vcRuntimeAdditional_x86\cab1.cab.
[0148:014C][2022-07-20T09:33:42]i301: Applying execute package: vcRuntimeMinimum_x86, action: Install, path: C:\ProgramData\Package Cache\{AEAA18F7-9C96-4A43-BC07-8B88A4913EEB}v14.32.31332\packages\vcRuntimeMinimum_x86\vc_runtimeMinimum_x86.msi, arguments: ' MSIFASTINSTALL="7" NOVSUI="1"'
[0130:0134][2022-07-20T09:33:42]i319: Applied execute package: vcRuntimeMinimum_x86, result: 0x0, restart: None
[0148:014C][2022-07-20T09:33:42]i325: Registering dependency: {a98dc6ff-d360-4878-9f0a-915eba86eaf3} on package provider: Microsoft.VS.VC_RuntimeMinimumVSU_x86,v14, package: vcRuntimeMinimum_x86
[0148:014C][2022-07-20T09:33:42]i301: Applying execute package: vcRuntimeAdditional_x86, action: Install, path: C:\ProgramData\Package Cache\{8972AC25-452E-4FFE-945A-EB9E28C20322}v14.32.31332\packages\vcRuntimeAdditional_x86\vc_runtimeAdditional_x86.msi, arguments: ' MSIFASTINSTALL="7" NOVSUI="1"'
[0130:0134][2022-07-20T09:33:43]i319: Applied execute package: vcRuntimeAdditional_x86, result: 0x0, restart: None
[0148:014C][2022-07-20T09:33:43]i325: Registering dependency: {a98dc6ff-d360-4878-9f0a-915eba86eaf3} on package provider: Microsoft.VS.VC_RuntimeAdditionalVSU_x86,v14, package: vcRuntimeAdditional_x86
[0148:014C][2022-07-20T09:33:43]i301: Applying execute package: {8d5fdf81-7022-423f-bd8b-b513a1050ae1}, action: Uninstall, path: C:\ProgramData\Package Cache\{8d5fdf81-7022-423f-bd8b-b513a1050ae1}\VC_redist.x86.exe, arguments: '"C:\ProgramData\Package Cache\{8d5fdf81-7022-423f-bd8b-b513a1050ae1}\VC_redist.x86.exe" -uninstall -quiet -burn.related.upgrade -burn.ancestors={a98dc6ff-d360-4878-9f0a-915eba86eaf3} -burn.filehandle.self=212'
[0130:0134][2022-07-20T09:33:43]i319: Applied execute package: {8d5fdf81-7022-423f-bd8b-b513a1050ae1}, result: 0x0, restart: None
[0148:014C][2022-07-20T09:33:43]i372: Session end, registration key: SOFTWARE\Microsoft\Windows\CurrentVersion\Uninstall\{a98dc6ff-d360-4878-9f0a-915eba86eaf3}, resume: ARP, restart: None, disable resume: No
[0148:014C][2022-07-20T09:33:43]i371: Updating session, registration key: SOFTWARE\Microsoft\Windows\CurrentVersion\Uninstall\{a98dc6ff-d360-4878-9f0a-915eba86eaf3}, resume: ARP, restart initiated: No, disable resume: No
[0130:0134][2022-07-20T09:33:44]i399: Apply complete, result: 0x0, restart: None, ba requested restart:  No
[0130:0134][2022-07-20T09:33:45]i500: Shutting down, exit code: 0x0
[0130:0134][2022-07-20T09:33:45]i410: Variable: EulaAcceptCheckbox = 1
[0130:0134][2022-07-20T09:33:45]i410: Variable: SystemFolder = C:\windows\system32\
[0130:0134][2022-07-20T09:33:45]i410: Variable: VersionNT = 6.1.0.0
[0130:0134][2022-07-20T09:33:45]i410: Variable: VersionNT64 = 6.1.0.0
[0130:0134][2022-07-20T09:33:45]i410: Variable: windows_uCRT_DetectKey = 10.0.14393.2247
[0130:0134][2022-07-20T09:33:45]i410: Variable: windows_uCRT_DetectKeyExists = 1
[0130:0134][2022-07-20T09:33:45]i410: Variable: WixBundleAction = 5
[0130:0134][2022-07-20T09:33:45]i410: Variable: WixBundleElevated = 1
[0130:0134][2022-07-20T09:33:45]i410: Variable: WixBundleFileVersion = 14.32.31332.0
[0130:0134][2022-07-20T09:33:45]i410: Variable: WixBundleInstalled = 0
[0130:0134][2022-07-20T09:33:45]i410: Variable: WixBundleLog = C:\users\tommi\Temp\dd_vcredist_x86_20220720093339.log
[0130:0134][2022-07-20T09:33:45]i410: Variable: WixBundleLog_vcRuntimeAdditional_x86 = C:\users\tommi\Temp\dd_vcredist_x86_20220720093339_001_vcRuntimeAdditional_x86.log
[0130:0134][2022-07-20T09:33:45]i410: Variable: WixBundleLog_vcRuntimeMinimum_x86 = C:\users\tommi\Temp\dd_vcredist_x86_20220720093339_000_vcRuntimeMinimum_x86.log
[0130:0134][2022-07-20T09:33:45]i410: Variable: WixBundleManufacturer = Microsoft Corporation
[0130:0134][2022-07-20T09:33:45]i410: Variable: WixBundleName = Microsoft Visual C++ 2015-2022 Redistributable (x86) - 14.32.31332
[0130:0134][2022-07-20T09:33:45]i410: Variable: WixBundleOriginalSource = Z:\home\tommi\Downloads\VC_redist.x86.exe
[0130:0134][2022-07-20T09:33:45]i410: Variable: WixBundleOriginalSourceFolder = Z:\home\tommi\Downloads\
[0130:0134][2022-07-20T09:33:45]i410: Variable: WixBundleProviderKey = VC,redist.x86,x86,14.32,bundle
[0130:0134][2022-07-20T09:33:45]i410: Variable: WixBundleRollbackLog_vcRuntimeAdditional_x86 = C:\users\tommi\Temp\dd_vcredist_x86_20220720093339_001_vcRuntimeAdditional_x86_rollback.log
[0130:0134][2022-07-20T09:33:45]i410: Variable: WixBundleRollbackLog_vcRuntimeMinimum_x86 = C:\users\tommi\Temp\dd_vcredist_x86_20220720093339_000_vcRuntimeMinimum_x86_rollback.log
[0130:0134][2022-07-20T09:33:45]i410: Variable: WixBundleSourceProcessFolder = Z:\home\tommi\Downloads\
[0130:0134][2022-07-20T09:33:45]i410: Variable: WixBundleSourceProcessPath = Z:\home\tommi\Downloads\VC_redist.x86.exe
[0130:0134][2022-07-20T09:33:45]i410: Variable: WixBundleTag = 
[0130:0134][2022-07-20T09:33:45]i410: Variable: WixBundleVersion = 14.32.31332.0
[0130:0134][2022-07-20T09:33:45]i007: Exit code: 0x0, restarting: No
