1: 0 2: 1033 3: 1252 
=== Logging started: 20/07/2022  09:33:42 ===
Message type: 0, Argument: 1033, 1252
Message type: 1, Argument: Microsoft Visual C++ 2022 X86 Minimum Runtime - 14.32.31332
Action 09:33:42: INSTALL. 
Action start 09:33:42: INSTALL.
1: 0 2: 1033 3: 1252 
1: 0 2: 1033 3: 1252 
=== Logging started: 20/07/2022  09:33:42 ===
Message type: 0, Argument: 1033, 1252
Message type: 1, Argument: Microsoft Visual C++ 2022 X86 Minimum Runtime - 14.32.31332
Action 09:33:42: INSTALL. 
Action start 09:33:42: INSTALL.
1: Microsoft Visual C++ 2022 X86 Minimum Runtime - 14.32.31332 2: {AEAA18F7-9C96-4A43-BC07-8B88A4913EEB} 
Action 09:33:42: FindRelatedProducts. Searching for related applications
Action start 09:33:42: FindRelatedProducts.
Found application: {1679EF65-55F3-4248-B91E-6B3BE1A69CDF}
Action ended 09:33:42: FindRelatedProducts. Return value 1.
Action 09:33:42: LaunchConditions. Evaluating launch conditions
Action start 09:33:42: LaunchConditions.
Action ended 09:33:42: LaunchConditions. Return value 1.
Action 09:33:42: ValidateProductID. 
Action start 09:33:42: ValidateProductID.
Action ended 09:33:42: ValidateProductID. Return value 1.
Action 09:33:42: CostInitialize. Computing space requirements
Action start 09:33:42: CostInitialize.
Action ended 09:33:42: CostInitialize. Return value 1.
Action 09:33:42: FileCost. Computing space requirements
Action start 09:33:42: FileCost.
Action ended 09:33:42: FileCost. Return value 1.
Action 09:33:42: CostFinalize. Computing space requirements
Action start 09:33:42: CostFinalize.
Action ended 09:33:42: CostFinalize. Return value 1.
Action 09:33:42: InstallValidate. Validating install
Action start 09:33:42: InstallValidate.
Action ended 09:33:42: InstallValidate. Return value 1.
Action 09:33:42: InstallInitialize. 
Action start 09:33:42: InstallInitialize.
Action ended 09:33:42: InstallInitialize. Return value 1.
Action 09:33:42: RemoveExistingProducts. Removing applications
Action start 09:33:42: RemoveExistingProducts.
Action ended 09:33:42: RemoveExistingProducts. Return value 1.
Action 09:33:42: ProcessComponents. Updating component registration
Action start 09:33:42: ProcessComponents.
Action ended 09:33:42: ProcessComponents. Return value 1.
Action 09:33:42: UnpublishFeatures. Unpublishing Product Features
Action start 09:33:42: UnpublishFeatures.
Action ended 09:33:42: UnpublishFeatures. Return value 1.
Action 09:33:42: RemoveRegistryValues. Removing system registry values
Action start 09:33:42: RemoveRegistryValues.
Action ended 09:33:42: RemoveRegistryValues. Return value 1.
Action 09:33:42: RemoveFiles. Removing files
Action start 09:33:42: RemoveFiles.
Action ended 09:33:42: RemoveFiles. Return value 1.
Action 09:33:42: InstallFiles. Copying new files
Action start 09:33:42: InstallFiles.
Action ended 09:33:42: InstallFiles. Return value 1.
Action 09:33:42: WriteRegistryValues. Writing system registry values
Action start 09:33:42: WriteRegistryValues.
Action ended 09:33:42: WriteRegistryValues. Return value 1.
Action 09:33:42: RegisterUser. Registering user
Action start 09:33:42: RegisterUser.
Action ended 09:33:42: RegisterUser. Return value 1.
Action 09:33:42: RegisterProduct. Registering product
Action start 09:33:42: RegisterProduct.
Action ended 09:33:42: RegisterProduct. Return value 1.
Action 09:33:42: PublishFeatures. Publishing Product Features
Action start 09:33:42: PublishFeatures.
Action ended 09:33:42: PublishFeatures. Return value 1.
Action 09:33:42: PublishProduct. Publishing product information
Action start 09:33:42: PublishProduct.
Action ended 09:33:42: PublishProduct. Return value 1.
Action 09:33:42: InstallFinalize. 
Action start 09:33:42: InstallFinalize.
Action 09:33:42: ProcessComponents. Updating component registration
Action start 09:33:42: ProcessComponents.
1: {AEAA18F7-9C96-4A43-BC07-8B88A4913EEB} 2: {E3819B64-3C56-3DD7-921D-00B011AD31DE} 3: 02:\SOFTWARE\Microsoft\VisualStudio\14.0\VC\Runtimes\X86\Version 
1: {AEAA18F7-9C96-4A43-BC07-8B88A4913EEB} 2: {E8E39D3B-4F35-36D8-B892-4B28336FE041} 3: C:\windows\syswow64\vcruntime140.dll 
1: {AEAA18F7-9C96-4A43-BC07-8B88A4913EEB} 2: {A2AA960C-FD3C-3A6D-BD6F-14933011AFB3} 3: C:\windows\syswow64\msvcp140.dll 
1: {AEAA18F7-9C96-4A43-BC07-8B88A4913EEB} 2: {A2E7203F-60C2-3D7E-8A46-DB3D381A2CE6} 3: C:\windows\syswow64\msvcp140_1.dll 
1: {AEAA18F7-9C96-4A43-BC07-8B88A4913EEB} 2: {BC0399EF-5E9D-3C7C-BFF5-5E9A95C96DAF} 3: C:\windows\syswow64\msvcp140_2.dll 
1: {AEAA18F7-9C96-4A43-BC07-8B88A4913EEB} 2: {763CEC2D-A166-4806-9E55-7D0676C9B2C2} 3: C:\windows\syswow64\msvcp140_atomic_wait.dll 
1: {AEAA18F7-9C96-4A43-BC07-8B88A4913EEB} 2: {A09E2159-AF75-436E-AA4D-25B6B0A11D60} 3: C:\windows\syswow64\msvcp140_codecvt_ids.dll 
1: {AEAA18F7-9C96-4A43-BC07-8B88A4913EEB} 2: {9FC931F8-9ED1-3263-A0F1-8ADE330D0ECE} 3: C:\windows\syswow64\concrt140.dll 
1: {AEAA18F7-9C96-4A43-BC07-8B88A4913EEB} 2: {0200CF79-B9A1-3BE4-955A-29FA9D4B1A5C} 3: C:\windows\syswow64\vccorlib140.dll 
1: {AEAA18F7-9C96-4A43-BC07-8B88A4913EEB} 2: {240E5802-BDC9-3681-9267-7CA35F29EEBF} 3: C:\windows\syswow64\vcamp140.dll 
1: {AEAA18F7-9C96-4A43-BC07-8B88A4913EEB} 2: {64DE6BFD-3D7C-36DF-9427-2DE6858F45CE} 3: C:\windows\syswow64\vcomp140.dll 
1: {AEAA18F7-9C96-4A43-BC07-8B88A4913EEB} 2: {C96DC6F1-894A-33E0-A8C1-3E9E7394FA28} 3: 02:\SOFTWARE\Microsoft\DevDiv\VC\Servicing\14.0\SP 
1: {AEAA18F7-9C96-4A43-BC07-8B88A4913EEB} 2: {7ACE84BA-4FF6-351B-AE91-E198DDB852EE} 3: 02:\SOFTWARE\Microsoft\DevDiv\VC\Servicing\14.0\RuntimeMinimum\Install 
1: {AEAA18F7-9C96-4A43-BC07-8B88A4913EEB} 2: {7F616D2F-B149-3802-BE4C-0F971B293B6C} 3: -1:\Software\Classes\Installer\Dependencies\Microsoft.VS.VC_RuntimeMinimumVSU_x86,v14\Version 
Action ended 09:33:42: ProcessComponents. Return value 1.
Action 09:33:42: UnpublishFeatures. Unpublishing Product Features
Action start 09:33:42: UnpublishFeatures.
Action ended 09:33:42: UnpublishFeatures. Return value 1.
Action 09:33:42: RemoveRegistryValues. Removing system registry values
Action start 09:33:42: RemoveRegistryValues.
Action ended 09:33:42: RemoveRegistryValues. Return value 1.
Action 09:33:42: RemoveFiles. Removing files
Action start 09:33:42: RemoveFiles.
File: concrt140.dll, Directory: SystemFolder
File: msvcp140.dll, Directory: SystemFolder
File: msvcp140_1.dll, Directory: SystemFolder
File: msvcp140_2.dll, Directory: SystemFolder
File: msvcp140_atomic_wait.dll, Directory: SystemFolder
File: msvcp140_codecvt_ids.dll, Directory: SystemFolder
File: vcamp140.dll, Directory: SystemFolder
File: vccorlib140.dll, Directory: SystemFolder
File: vcomp140.dll, Directory: SystemFolder
File: vcruntime140.dll, Directory: SystemFolder
Action ended 09:33:42: RemoveFiles. Return value 1.
Action 09:33:42: InstallFiles. Copying new files
Action start 09:33:42: InstallFiles.
File: concrt140.dll,  Directory: SystemFolder,  Size: 249760
File: msvcp140.dll,  Directory: SystemFolder,  Size: 438176
File: msvcp140_1.dll,  Directory: SystemFolder,  Size: 22944
File: msvcp140_2.dll,  Directory: SystemFolder,  Size: 168840
File: msvcp140_atomic_wait.dll,  Directory: SystemFolder,  Size: 53656
File: msvcp140_codecvt_ids.dll,  Directory: SystemFolder,  Size: 19856
File: vcamp140.dll,  Directory: SystemFolder,  Size: 355736
File: vccorlib140.dll,  Directory: SystemFolder,  Size: 270728
File: vcomp140.dll,  Directory: SystemFolder,  Size: 151960
File: vcruntime140.dll,  Directory: SystemFolder,  Size: 80800
Action ended 09:33:42: InstallFiles. Return value 1.
Action 09:33:42: WriteRegistryValues. Writing system registry values
Action start 09:33:42: WriteRegistryValues.
Key: HKEY_LOCAL_MACHINE\SOFTWARE\Microsoft\VisualStudio\14.0\VC\Runtimes\X86, Name: Version, Value: v14.32.31332.00
Key: HKEY_LOCAL_MACHINE\SOFTWARE\Microsoft\DevDiv\VC\Servicing\14.0, Name: SP, Value: 
Key: HKEY_LOCAL_MACHINE\SOFTWARE\Microsoft\DevDiv\VC\Servicing\14.0\RuntimeMinimum, Name: Install, Value: 
Key: HKEY_LOCAL_MACHINE\Software\Classes\Installer\Dependencies\Microsoft.VS.VC_RuntimeMinimumVSU_x86,v14, Name: Version, Value: 14.32.31332
Key: HKEY_LOCAL_MACHINE\SOFTWARE\Microsoft\VisualStudio\14.0\VC\Runtimes\X86, Name: Installed, Value: 
Key: HKEY_LOCAL_MACHINE\SOFTWARE\Microsoft\VisualStudio\14.0\VC\Runtimes\X86, Name: Major, Value: 
Key: HKEY_LOCAL_MACHINE\SOFTWARE\Microsoft\VisualStudio\14.0\VC\Runtimes\X86, Name: Minor, Value: 
Key: HKEY_LOCAL_MACHINE\SOFTWARE\Microsoft\VisualStudio\14.0\VC\Runtimes\X86, Name: Bld, Value: 
Key: HKEY_LOCAL_MACHINE\SOFTWARE\Microsoft\VisualStudio\14.0\VC\Runtimes\X86, Name: Rbld, Value: 
Key: HKEY_LOCAL_MACHINE\SOFTWARE\Microsoft\DevDiv\VC\Servicing\14.0, Name: SPIndex, Value: 
Key: HKEY_LOCAL_MACHINE\SOFTWARE\Microsoft\DevDiv\VC\Servicing\14.0\RuntimeMinimum, Name: InstallerType, Value: MSI
Key: HKEY_LOCAL_MACHINE\SOFTWARE\Microsoft\DevDiv\VC\Servicing\14.0\RuntimeMinimum, Name: SP, Value: 
Key: HKEY_LOCAL_MACHINE\SOFTWARE\Microsoft\DevDiv\VC\Servicing\14.0\RuntimeMinimum, Name: SPIndex, Value: 
Key: HKEY_LOCAL_MACHINE\SOFTWARE\Microsoft\DevDiv\VC\Servicing\14.0\RuntimeMinimum, Name: SPName, Value: RTM
Key: HKEY_LOCAL_MACHINE\SOFTWARE\Microsoft\DevDiv\VC\Servicing\14.0\RuntimeMinimum, Name: Version, Value: 14.32.31332
Key: HKEY_LOCAL_MACHINE\SOFTWARE\Microsoft\DevDiv\VC\Servicing\14.0\RuntimeMinimum, Name: UpdateVersion, Value: 14.32.31332
Key: HKEY_LOCAL_MACHINE\Software\Classes\Installer\Dependencies\Microsoft.VS.VC_RuntimeMinimumVSU_x86,v14, Name: , Value: {AEAA18F7-9C96-4A43-BC07-8B88A4913EEB}
Key: HKEY_LOCAL_MACHINE\Software\Classes\Installer\Dependencies\Microsoft.VS.VC_RuntimeMinimumVSU_x86,v14, Name: DisplayName, Value: Microsoft Visual C++ 2022 X86 Minimum Runtime - 14.32.31332
Action ended 09:33:42: WriteRegistryValues. Return value 1.
Action 09:33:42: RegisterUser. Registering user
Action start 09:33:42: RegisterUser.
1:  
Action ended 09:33:42: RegisterUser. Return value 1.
Action 09:33:42: RegisterProduct. Registering product
Action start 09:33:42: RegisterProduct.
1: {AEAA18F7-9C96-4A43-BC07-8B88A4913EEB} 
Action ended 09:33:42: RegisterProduct. Return value 1.
Action 09:33:42: PublishFeatures. Publishing Product Features
Action start 09:33:42: PublishFeatures.
Feature: VC_Runtime_Minimum
Feature: Provider
Feature: Servicing_Key
Action ended 09:33:42: PublishFeatures. Return value 1.
Action 09:33:42: PublishProduct. Publishing product information
Action start 09:33:42: PublishProduct.
1: {AEAA18F7-9C96-4A43-BC07-8B88A4913EEB} 
Action ended 09:33:42: PublishProduct. Return value 1.
Action ended 09:33:42: InstallFinalize. Return value 1.
Action ended 09:33:42: INSTALL. Return value 1.
1: Microsoft Visual C++ 2022 X86 Minimum Runtime - 14.32.31332 2: {AEAA18F7-9C96-4A43-BC07-8B88A4913EEB} 3: 1 
Property(S): UpgradeCode = {65E5BD06-6392-3027-8C26-853107D3CF1A}
Property(S): TARGETDIR = C:\
Property(S): SystemFolder = C:\windows\syswow64\
Property(S): SourceDir = C:\ProgramData\Package Cache\{AEAA18F7-9C96-4A43-BC07-8B88A4913EEB}v14.32.31332\packages\vcRuntimeMinimum_x86\
Property(S): ALLUSERS = 1
Property(S): FILESINUSETEXT = The following applications should be closed before continuing the install:
Property(S): INSTALLLEVEL = 2
Property(S): LIMITUI = 1
Property(S): REBOOT = ReallySuppress
Property(S): REPAIR_REINSTALLMODE = pecmsu
Property(S): ARPSYSTEMCOMPONENT = 1
Property(S): LocProductName = Microsoft Visual C++ 2022 X86 Runtime
Property(S): ProductCPU = x86
Property(S): ProductEdition = RuntimeMinimum
Property(S): ProductFamily = VC
Property(S): RTM_ProductVersion = 14.32.31332
Property(S): MsiLogging = voicewarmupx
Property(S): Manufacturer = Microsoft Corporation
Property(S): ProductCode = {AEAA18F7-9C96-4A43-BC07-8B88A4913EEB}
Property(S): ProductLanguage = 1033
Property(S): ProductName = Microsoft Visual C++ 2022 X86 Minimum Runtime - 14.32.31332
Property(S): ProductVersion = 14.32.31332
Property(S): DirectoryTable100_x86 = DirectoryTable
Property(S): SecureCustomProperties = IGNOREDEPENDENCIES;NEWERVCRUNTIMEVERSIONDETECTED;UPGRADEVCRUNTIME
Property(S): UPGRADEVCRUNTIME = {1679EF65-55F3-4248-B91E-6B3BE1A69CDF}
Property(S): AdminUser = 1
Property(S): Privileged = 1
Property(S): MsiRunningElevated = 1
Property(S): CommonAppDataFolder = C:\ProgramData\
Property(S): FavoritesFolder = C:\users\tommi\Favorites\
Property(S): FontsFolder = C:\windows\Fonts\
Property(S): SendToFolder = C:\users\tommi\AppData\Roaming\Microsoft\Windows\SendTo\
Property(S): StartMenuFolder = C:\users\tommi\AppData\Roaming\Microsoft\Windows\Start Menu\
Property(S): StartupFolder = C:\users\tommi\AppData\Roaming\Microsoft\Windows\Start Menu\Programs\StartUp\
Property(S): TemplateFolder = C:\users\tommi\AppData\Roaming\Microsoft\Windows\Templates\
Property(S): DesktopFolder = C:\users\tommi\Desktop\
Property(S): ProgramMenuFolder = C:\users\tommi\AppData\Roaming\Microsoft\Windows\Start Menu\Programs\
Property(S): AdminToolsFolder = C:\users\tommi\AppData\Roaming\Microsoft\Windows\Start Menu\Programs\Administrative Tools\
Property(S): AppDataFolder = C:\users\tommi\AppData\Roaming\
Property(S): System16Folder = C:\windows\system32\
Property(S): LocalAppDataFolder = C:\users\tommi\AppData\Local\
Property(S): MyPicturesFolder = C:\users\tommi\Pictures\
Property(S): PersonalFolder = C:\users\tommi\Documents\
Property(S): WindowsFolder = C:\windows\
Property(S): PrintHoodFolder = C:\users\tommi\AppData\Roaming\Microsoft\Windows\Printer Shortcuts\
Property(S): NetHoodFolder = C:\users\tommi\AppData\Roaming\Microsoft\Windows\Network Shortcuts\
Property(S): RecentFolder = C:\users\tommi\AppData\Roaming\Microsoft\Windows\Recent\
Property(S): PhysicalMemory = 31887
Property(S): WindowsVolume = C:\
Property(S): TempFolder = C:\users\tommi\Temp\
Property(S): VersionNT = 601
Property(S): MsiNTProductType = 1
Property(S): WindowsBuild = 7601
Property(S): ServicePackLevel = 1
Property(S): VersionMsi = 4.5
Property(S): VersionDatabase = 400
Property(S): Intel = 6
Property(S): MsiAMD64 = 6
Property(S): Msix64 = 6
Property(S): VersionNT64 = 601
Property(S): System64Folder = C:\windows\system32\
Property(S): ProgramFiles64Folder = C:\Program Files\
Property(S): ProgramFilesFolder = C:\Program Files (x86)\
Property(S): CommonFiles64Folder = C:\Program Files\Common Files\
Property(S): CommonFilesFolder = C:\Program Files (x86)\Common Files\
Property(S): ScreenX = 1920
Property(S): ScreenY = 1080
Property(S): ColorBits = 32
Property(S): UserSID = S-1-5-21-759633636-3571204299-1000-1000
Property(S): MsiNetAssemblySupport = 2.0.50727.4016
Property(S): UserLanguageID = 2057
Property(S): SystemLanguageID = 2057
Property(S): ProductState = -1
Property(S): LogonUser = tommi
Property(S): ComputerName = FEDORA
Property(S): UILevel = 2
Property(S): PackageCode = {7192C0E1-B760-4BCE-80B1-2D9F3DFF7204}
Property(S): DATABASE = C:\windows\Installer\4cc5.msi
Property(S): OriginalDatabase = C:\ProgramData\Package Cache\{AEAA18F7-9C96-4A43-BC07-8B88A4913EEB}v14.32.31332\packages\vcRuntimeMinimum_x86\vc_runtimeMinimum_x86.msi
Property(S): SOURCEDIR = C:\ProgramData\Package Cache\{AEAA18F7-9C96-4A43-BC07-8B88A4913EEB}v14.32.31332\packages\vcRuntimeMinimum_x86\
Property(S): MSIFASTINSTALL = 7
Property(S): NOVSUI = 1
Property(S): ACTION = INSTALL
Property(S): EXECUTEACTION = INSTALL
Property(S): CostingComplete = 1
Property(S): ROOTDRIVE = C:\
Property(S): OutOfDiskSpace = 0
Property(S): OutOfNoRbDiskSpace = 0
1: 2 2: 0 
1: 2 2: 1 
Action ended 09:33:42: INSTALL. Return value 1.
