1: 0 2: 1033 3: 1252 
=== Logging started: 20/07/2022  09:33:51 ===
Message type: 0, Argument: 1033, 1252
Message type: 1, Argument: Microsoft Visual C++ 2022 X64 Minimum Runtime - 14.32.31332
Action 09:33:51: INSTALL. 
Action start 09:33:51: INSTALL.
1: 0 2: 1033 3: 1252 
1: 0 2: 1033 3: 1252 
=== Logging started: 20/07/2022  09:33:51 ===
Message type: 0, Argument: 1033, 1252
Message type: 1, Argument: Microsoft Visual C++ 2022 X64 Minimum Runtime - 14.32.31332
Action 09:33:51: INSTALL. 
Action start 09:33:51: INSTALL.
1: Microsoft Visual C++ 2022 X64 Minimum Runtime - 14.32.31332 2: {3407B900-37F5-4CC2-B612-5CD5D580A163} 
Action 09:33:51: FindRelatedProducts. Searching for related applications
Action start 09:33:51: FindRelatedProducts.
Found application: {A6D3F752-BF11-4D7C-B19C-F6F96A35CF50}
Action ended 09:33:51: FindRelatedProducts. Return value 1.
Action 09:33:51: LaunchConditions. Evaluating launch conditions
Action start 09:33:51: LaunchConditions.
Action ended 09:33:51: LaunchConditions. Return value 1.
Action 09:33:51: ValidateProductID. 
Action start 09:33:51: ValidateProductID.
Action ended 09:33:51: ValidateProductID. Return value 1.
Action 09:33:51: CostInitialize. Computing space requirements
Action start 09:33:51: CostInitialize.
Action ended 09:33:51: CostInitialize. Return value 1.
Action 09:33:51: FileCost. Computing space requirements
Action start 09:33:51: FileCost.
Action ended 09:33:51: FileCost. Return value 1.
Action 09:33:51: CostFinalize. Computing space requirements
Action start 09:33:51: CostFinalize.
Action ended 09:33:51: CostFinalize. Return value 1.
Action 09:33:51: InstallValidate. Validating install
Action start 09:33:51: InstallValidate.
Action ended 09:33:51: InstallValidate. Return value 1.
Action 09:33:51: InstallInitialize. 
Action start 09:33:51: InstallInitialize.
Action ended 09:33:51: InstallInitialize. Return value 1.
Action 09:33:51: RemoveExistingProducts. Removing applications
Action start 09:33:51: RemoveExistingProducts.
Action ended 09:33:52: RemoveExistingProducts. Return value 1.
Action 09:33:52: ProcessComponents. Updating component registration
Action start 09:33:52: ProcessComponents.
Action ended 09:33:52: ProcessComponents. Return value 1.
Action 09:33:52: UnpublishFeatures. Unpublishing Product Features
Action start 09:33:52: UnpublishFeatures.
Action ended 09:33:52: UnpublishFeatures. Return value 1.
Action 09:33:52: RemoveRegistryValues. Removing system registry values
Action start 09:33:52: RemoveRegistryValues.
Action ended 09:33:52: RemoveRegistryValues. Return value 1.
Action 09:33:52: RemoveFiles. Removing files
Action start 09:33:52: RemoveFiles.
Action ended 09:33:52: RemoveFiles. Return value 1.
Action 09:33:52: InstallFiles. Copying new files
Action start 09:33:52: InstallFiles.
Action ended 09:33:52: InstallFiles. Return value 1.
Action 09:33:52: WriteRegistryValues. Writing system registry values
Action start 09:33:52: WriteRegistryValues.
Action ended 09:33:52: WriteRegistryValues. Return value 1.
Action 09:33:52: RegisterUser. Registering user
Action start 09:33:52: RegisterUser.
Action ended 09:33:52: RegisterUser. Return value 1.
Action 09:33:52: RegisterProduct. Registering product
Action start 09:33:52: RegisterProduct.
Action ended 09:33:52: RegisterProduct. Return value 1.
Action 09:33:52: PublishFeatures. Publishing Product Features
Action start 09:33:52: PublishFeatures.
Action ended 09:33:52: PublishFeatures. Return value 1.
Action 09:33:52: PublishProduct. Publishing product information
Action start 09:33:52: PublishProduct.
Action ended 09:33:52: PublishProduct. Return value 1.
Action 09:33:52: InstallFinalize. 
Action start 09:33:52: InstallFinalize.
Action 09:33:52: ProcessComponents. Updating component registration
Action start 09:33:52: ProcessComponents.
1: {3407B900-37F5-4CC2-B612-5CD5D580A163} 2: {3639FCCA-5969-316D-AC18-E0C6B2B532E9} 3: 02:\SOFTWARE\Microsoft\VisualStudio\14.0\VC\Runtimes\X64\Version 
1: {3407B900-37F5-4CC2-B612-5CD5D580A163} 2: {D2959D22-4DB7-32AF-A1B0-8405C4221749} 3: 02:\SOFTWARE\Microsoft\VisualStudio\14.0\VC\Runtimes\X64\Version 
1: {3407B900-37F5-4CC2-B612-5CD5D580A163} 2: {B33258FD-750C-3B42-8BE4-535B48E97DB4} 3: C:\windows\system32\vcruntime140.dll 
1: {3407B900-37F5-4CC2-B612-5CD5D580A163} 2: {2427B123-F132-4F0B-A958-50F7CDFCAA56} 3: C:\windows\system32\vcruntime140_1.dll 
1: {3407B900-37F5-4CC2-B612-5CD5D580A163} 2: {22824972-0C4A-31B4-AEEF-9FC7596F1305} 3: C:\windows\system32\msvcp140.dll 
1: {3407B900-37F5-4CC2-B612-5CD5D580A163} 2: {6713558D-DE1F-373C-A12D-BAE9004657F9} 3: C:\windows\system32\msvcp140_1.dll 
1: {3407B900-37F5-4CC2-B612-5CD5D580A163} 2: {AD0439C6-DC3D-3A2C-AF38-B22083D8639F} 3: C:\windows\system32\msvcp140_2.dll 
1: {3407B900-37F5-4CC2-B612-5CD5D580A163} 2: {F8DFE2DF-F4E5-4845-9828-2849C685A91B} 3: C:\windows\system32\msvcp140_atomic_wait.dll 
1: {3407B900-37F5-4CC2-B612-5CD5D580A163} 2: {61413AE1-024F-4854-B8D8-1D2EF801EC21} 3: C:\windows\system32\msvcp140_codecvt_ids.dll 
1: {3407B900-37F5-4CC2-B612-5CD5D580A163} 2: {35B5C1D2-EB5B-3569-83EB-78E34F5C3254} 3: C:\windows\system32\concrt140.dll 
1: {3407B900-37F5-4CC2-B612-5CD5D580A163} 2: {D227D7DF-D9F8-33AF-B935-4BF2F47F2EA4} 3: C:\windows\system32\vccorlib140.dll 
1: {3407B900-37F5-4CC2-B612-5CD5D580A163} 2: {7050289E-BECF-32C7-89DC-08C4480E482B} 3: C:\windows\system32\vcamp140.dll 
1: {3407B900-37F5-4CC2-B612-5CD5D580A163} 2: {F5E98D96-3C7F-37D7-821F-E4BB03D4384B} 3: C:\windows\system32\vcomp140.dll 
1: {3407B900-37F5-4CC2-B612-5CD5D580A163} 2: {EA0D3A76-AE46-3F46-B94D-309D5097A125} 3: 02:\SOFTWARE\Microsoft\DevDiv\VC\Servicing\14.0\SP 
1: {3407B900-37F5-4CC2-B612-5CD5D580A163} 2: {38F26AF8-73D2-34A5-9BB3-83CE1900A2AE} 3: 02:\SOFTWARE\Microsoft\DevDiv\VC\Servicing\14.0\RuntimeMinimum\Install 
1: {3407B900-37F5-4CC2-B612-5CD5D580A163} 2: {04D1E303-8E0F-36D1-BC1F-E27EE209198A} 3: 02:\SOFTWARE\Microsoft\DevDiv\VC\Servicing\14.0\SP 
1: {3407B900-37F5-4CC2-B612-5CD5D580A163} 2: {F53F2531-272C-39F4-9C5B-312B318B91E5} 3: 02:\SOFTWARE\Microsoft\DevDiv\VC\Servicing\14.0\RuntimeMinimum\Install 
1: {3407B900-37F5-4CC2-B612-5CD5D580A163} 2: {31FF3687-EC05-3A6B-A8CE-ADD81BF1506E} 3: -1:\Software\Classes\Installer\Dependencies\Microsoft.VS.VC_RuntimeMinimumVSU_amd64,v14\Version 
Action ended 09:33:52: ProcessComponents. Return value 1.
Action 09:33:52: UnpublishFeatures. Unpublishing Product Features
Action start 09:33:52: UnpublishFeatures.
Action ended 09:33:52: UnpublishFeatures. Return value 1.
Action 09:33:52: RemoveRegistryValues. Removing system registry values
Action start 09:33:52: RemoveRegistryValues.
Action ended 09:33:52: RemoveRegistryValues. Return value 1.
Action 09:33:52: RemoveFiles. Removing files
Action start 09:33:52: RemoveFiles.
File: concrt140.dll, Directory: System64Folder
File: msvcp140.dll, Directory: System64Folder
File: msvcp140_1.dll, Directory: System64Folder
File: msvcp140_2.dll, Directory: System64Folder
File: msvcp140_atomic_wait.dll, Directory: System64Folder
File: msvcp140_codecvt_ids.dll, Directory: System64Folder
File: vcamp140.dll, Directory: System64Folder
File: vccorlib140.dll, Directory: System64Folder
File: vcomp140.dll, Directory: System64Folder
File: vcruntime140.dll, Directory: System64Folder
File: vcruntime140_1.dll, Directory: System64Folder
Action ended 09:33:52: RemoveFiles. Return value 1.
Action 09:33:52: InstallFiles. Copying new files
Action start 09:33:52: InstallFiles.
File: concrt140.dll,  Directory: System64Folder,  Size: 317320
File: msvcp140.dll,  Directory: System64Folder,  Size: 571312
File: msvcp140_1.dll,  Directory: System64Folder,  Size: 25520
File: msvcp140_2.dll,  Directory: System64Folder,  Size: 187312
File: msvcp140_atomic_wait.dll,  Directory: System64Folder,  Size: 57224
File: msvcp140_codecvt_ids.dll,  Directory: System64Folder,  Size: 21392
File: vcamp140.dll,  Directory: System64Folder,  Size: 403848
File: vccorlib140.dll,  Directory: System64Folder,  Size: 334736
File: vcomp140.dll,  Directory: System64Folder,  Size: 181680
File: vcruntime140.dll,  Directory: System64Folder,  Size: 98736
File: vcruntime140_1.dll,  Directory: System64Folder,  Size: 38304
Action ended 09:33:52: InstallFiles. Return value 1.
Action 09:33:52: WriteRegistryValues. Writing system registry values
Action start 09:33:52: WriteRegistryValues.
Key: HKEY_LOCAL_MACHINE\SOFTWARE\Microsoft\VisualStudio\14.0\VC\Runtimes\X64, Name: Version, Value: v14.32.31332.00
Key: HKEY_LOCAL_MACHINE\SOFTWARE\Microsoft\VisualStudio\14.0\VC\Runtimes\X64, Name: Version, Value: v14.32.31332.00
Key: HKEY_LOCAL_MACHINE\SOFTWARE\Microsoft\DevDiv\VC\Servicing\14.0, Name: SP, Value: 
Key: HKEY_LOCAL_MACHINE\SOFTWARE\Microsoft\DevDiv\VC\Servicing\14.0\RuntimeMinimum, Name: Install, Value: 
Key: HKEY_LOCAL_MACHINE\SOFTWARE\Microsoft\DevDiv\VC\Servicing\14.0, Name: SP, Value: 
Key: HKEY_LOCAL_MACHINE\SOFTWARE\Microsoft\DevDiv\VC\Servicing\14.0\RuntimeMinimum, Name: Install, Value: 
Key: HKEY_LOCAL_MACHINE\Software\Classes\Installer\Dependencies\Microsoft.VS.VC_RuntimeMinimumVSU_amd64,v14, Name: Version, Value: 14.32.31332
Key: HKEY_LOCAL_MACHINE\SOFTWARE\Microsoft\VisualStudio\14.0\VC\Runtimes\X64, Name: Installed, Value: 
Key: HKEY_LOCAL_MACHINE\SOFTWARE\Microsoft\VisualStudio\14.0\VC\Runtimes\X64, Name: Major, Value: 
Key: HKEY_LOCAL_MACHINE\SOFTWARE\Microsoft\VisualStudio\14.0\VC\Runtimes\X64, Name: Minor, Value: 
Key: HKEY_LOCAL_MACHINE\SOFTWARE\Microsoft\VisualStudio\14.0\VC\Runtimes\X64, Name: Bld, Value: 
Key: HKEY_LOCAL_MACHINE\SOFTWARE\Microsoft\VisualStudio\14.0\VC\Runtimes\X64, Name: Rbld, Value: 
Key: HKEY_LOCAL_MACHINE\SOFTWARE\Microsoft\VisualStudio\14.0\VC\Runtimes\X64, Name: Installed, Value: 
Key: HKEY_LOCAL_MACHINE\SOFTWARE\Microsoft\VisualStudio\14.0\VC\Runtimes\X64, Name: Major, Value: 
Key: HKEY_LOCAL_MACHINE\SOFTWARE\Microsoft\VisualStudio\14.0\VC\Runtimes\X64, Name: Minor, Value: 
Key: HKEY_LOCAL_MACHINE\SOFTWARE\Microsoft\VisualStudio\14.0\VC\Runtimes\X64, Name: Bld, Value: 
Key: HKEY_LOCAL_MACHINE\SOFTWARE\Microsoft\VisualStudio\14.0\VC\Runtimes\X64, Name: Rbld, Value: 
Key: HKEY_LOCAL_MACHINE\SOFTWARE\Microsoft\DevDiv\VC\Servicing\14.0, Name: SPIndex, Value: 
Key: HKEY_LOCAL_MACHINE\SOFTWARE\Microsoft\DevDiv\VC\Servicing\14.0\RuntimeMinimum, Name: InstallerType, Value: MSI
Key: HKEY_LOCAL_MACHINE\SOFTWARE\Microsoft\DevDiv\VC\Servicing\14.0\RuntimeMinimum, Name: SP, Value: 
Key: HKEY_LOCAL_MACHINE\SOFTWARE\Microsoft\DevDiv\VC\Servicing\14.0\RuntimeMinimum, Name: SPIndex, Value: 
Key: HKEY_LOCAL_MACHINE\SOFTWARE\Microsoft\DevDiv\VC\Servicing\14.0\RuntimeMinimum, Name: SPName, Value: RTM
Key: HKEY_LOCAL_MACHINE\SOFTWARE\Microsoft\DevDiv\VC\Servicing\14.0\RuntimeMinimum, Name: Version, Value: 14.32.31332
Key: HKEY_LOCAL_MACHINE\SOFTWARE\Microsoft\DevDiv\VC\Servicing\14.0\RuntimeMinimum, Name: UpdateVersion, Value: 14.32.31332
Key: HKEY_LOCAL_MACHINE\SOFTWARE\Microsoft\DevDiv\VC\Servicing\14.0, Name: SPIndex, Value: 
Key: HKEY_LOCAL_MACHINE\SOFTWARE\Microsoft\DevDiv\VC\Servicing\14.0\RuntimeMinimum, Name: InstallerType, Value: MSI
Key: HKEY_LOCAL_MACHINE\SOFTWARE\Microsoft\DevDiv\VC\Servicing\14.0\RuntimeMinimum, Name: SP, Value: 
Key: HKEY_LOCAL_MACHINE\SOFTWARE\Microsoft\DevDiv\VC\Servicing\14.0\RuntimeMinimum, Name: SPIndex, Value: 
Key: HKEY_LOCAL_MACHINE\SOFTWARE\Microsoft\DevDiv\VC\Servicing\14.0\RuntimeMinimum, Name: SPName, Value: RTM
Key: HKEY_LOCAL_MACHINE\SOFTWARE\Microsoft\DevDiv\VC\Servicing\14.0\RuntimeMinimum, Name: Version, Value: 14.32.31332
Key: HKEY_LOCAL_MACHINE\SOFTWARE\Microsoft\DevDiv\VC\Servicing\14.0\RuntimeMinimum, Name: UpdateVersion, Value: 14.32.31332
Key: HKEY_LOCAL_MACHINE\Software\Classes\Installer\Dependencies\Microsoft.VS.VC_RuntimeMinimumVSU_amd64,v14, Name: , Value: {3407B900-37F5-4CC2-B612-5CD5D580A163}
Key: HKEY_LOCAL_MACHINE\Software\Classes\Installer\Dependencies\Microsoft.VS.VC_RuntimeMinimumVSU_amd64,v14, Name: DisplayName, Value: Microsoft Visual C++ 2022 X64 Minimum Runtime - 14.32.31332
Action ended 09:33:52: WriteRegistryValues. Return value 1.
Action 09:33:52: RegisterUser. Registering user
Action start 09:33:52: RegisterUser.
1:  
Action ended 09:33:52: RegisterUser. Return value 1.
Action 09:33:52: RegisterProduct. Registering product
Action start 09:33:52: RegisterProduct.
1: {3407B900-37F5-4CC2-B612-5CD5D580A163} 
Action ended 09:33:52: RegisterProduct. Return value 1.
Action 09:33:52: PublishFeatures. Publishing Product Features
Action start 09:33:52: PublishFeatures.
Feature: VC_Runtime_Minimum
Feature: Provider
Feature: Servicing_Key
Action ended 09:33:52: PublishFeatures. Return value 1.
Action 09:33:52: PublishProduct. Publishing product information
Action start 09:33:52: PublishProduct.
1: {3407B900-37F5-4CC2-B612-5CD5D580A163} 
Action ended 09:33:52: PublishProduct. Return value 1.
Action ended 09:33:52: InstallFinalize. Return value 1.
Action ended 09:33:52: INSTALL. Return value 1.
1: Microsoft Visual C++ 2022 X64 Minimum Runtime - 14.32.31332 2: {3407B900-37F5-4CC2-B612-5CD5D580A163} 3: 1 
Property(S): UpgradeCode = {36F68A90-239C-34DF-B58C-64B30153CE35}
Property(S): TARGETDIR = C:\
Property(S): System64Folder = C:\windows\system32\
Property(S): SourceDir = C:\ProgramData\Package Cache\{3407B900-37F5-4CC2-B612-5CD5D580A163}v14.32.31332\packages\vcRuntimeMinimum_amd64\
Property(S): ALLUSERS = 1
Property(S): FILESINUSETEXT = The following applications should be closed before continuing the install:
Property(S): INSTALLLEVEL = 2
Property(S): LIMITUI = 1
Property(S): REBOOT = ReallySuppress
Property(S): REPAIR_REINSTALLMODE = pecmsu
Property(S): ARPSYSTEMCOMPONENT = 1
Property(S): LocProductName = Microsoft Visual C++ 2022 X64 Runtime
Property(S): ProductCPU = amd64
Property(S): ProductEdition = RuntimeMinimum
Property(S): ProductFamily = VC
Property(S): RTM_ProductVersion = 14.32.31332
Property(S): MsiLogging = voicewarmupx
Property(S): Manufacturer = Microsoft Corporation
Property(S): ProductCode = {3407B900-37F5-4CC2-B612-5CD5D580A163}
Property(S): ProductLanguage = 1033
Property(S): ProductName = Microsoft Visual C++ 2022 X64 Minimum Runtime - 14.32.31332
Property(S): ProductVersion = 14.32.31332
Property(S): DirectoryTable100_amd64 = DirectoryTable
Property(S): SecureCustomProperties = IGNOREDEPENDENCIES;NEWERVCRUNTIMEVERSIONDETECTED;UPGRADEVCRUNTIME
Property(S): UPGRADEVCRUNTIME = {A6D3F752-BF11-4D7C-B19C-F6F96A35CF50}
Property(S): AdminUser = 1
Property(S): Privileged = 1
Property(S): MsiRunningElevated = 1
Property(S): CommonAppDataFolder = C:\ProgramData\
Property(S): FavoritesFolder = C:\users\tommi\Favorites\
Property(S): FontsFolder = C:\windows\Fonts\
Property(S): SendToFolder = C:\users\tommi\AppData\Roaming\Microsoft\Windows\SendTo\
Property(S): StartMenuFolder = C:\users\tommi\AppData\Roaming\Microsoft\Windows\Start Menu\
Property(S): StartupFolder = C:\users\tommi\AppData\Roaming\Microsoft\Windows\Start Menu\Programs\StartUp\
Property(S): TemplateFolder = C:\users\tommi\AppData\Roaming\Microsoft\Windows\Templates\
Property(S): DesktopFolder = C:\users\tommi\Desktop\
Property(S): ProgramMenuFolder = C:\users\tommi\AppData\Roaming\Microsoft\Windows\Start Menu\Programs\
Property(S): AdminToolsFolder = C:\users\tommi\AppData\Roaming\Microsoft\Windows\Start Menu\Programs\Administrative Tools\
Property(S): AppDataFolder = C:\users\tommi\AppData\Roaming\
Property(S): SystemFolder = C:\windows\syswow64\
Property(S): System16Folder = C:\windows\system32\
Property(S): LocalAppDataFolder = C:\users\tommi\AppData\Local\
Property(S): MyPicturesFolder = C:\users\tommi\Pictures\
Property(S): PersonalFolder = C:\users\tommi\Documents\
Property(S): WindowsFolder = C:\windows\
Property(S): PrintHoodFolder = C:\users\tommi\AppData\Roaming\Microsoft\Windows\Printer Shortcuts\
Property(S): NetHoodFolder = C:\users\tommi\AppData\Roaming\Microsoft\Windows\Network Shortcuts\
Property(S): RecentFolder = C:\users\tommi\AppData\Roaming\Microsoft\Windows\Recent\
Property(S): PhysicalMemory = 31887
Property(S): WindowsVolume = C:\
Property(S): TempFolder = C:\users\tommi\Temp\
Property(S): VersionNT = 601
Property(S): MsiNTProductType = 1
Property(S): WindowsBuild = 7601
Property(S): ServicePackLevel = 1
Property(S): VersionMsi = 4.5
Property(S): VersionDatabase = 400
Property(S): Intel = 6
Property(S): MsiAMD64 = 6
Property(S): Msix64 = 6
Property(S): VersionNT64 = 601
Property(S): ProgramFiles64Folder = C:\Program Files\
Property(S): ProgramFilesFolder = C:\Program Files (x86)\
Property(S): CommonFiles64Folder = C:\Program Files\Common Files\
Property(S): CommonFilesFolder = C:\Program Files (x86)\Common Files\
Property(S): ScreenX = 1920
Property(S): ScreenY = 1080
Property(S): ColorBits = 32
Property(S): UserSID = S-1-5-21-759633636-3571204299-1000-1000
Property(S): MsiNetAssemblySupport = 2.0.50727.4016
Property(S): UserLanguageID = 2057
Property(S): SystemLanguageID = 2057
Property(S): ProductState = -1
Property(S): LogonUser = tommi
Property(S): ComputerName = FEDORA
Property(S): UILevel = 2
Property(S): PackageCode = {20ED3096-9E22-4E8E-9324-164DCB895C9A}
Property(S): DATABASE = C:\windows\Installer\7100.msi
Property(S): OriginalDatabase = C:\ProgramData\Package Cache\{3407B900-37F5-4CC2-B612-5CD5D580A163}v14.32.31332\packages\vcRuntimeMinimum_amd64\vc_runtimeMinimum_x64.msi
Property(S): SOURCEDIR = C:\ProgramData\Package Cache\{3407B900-37F5-4CC2-B612-5CD5D580A163}v14.32.31332\packages\vcRuntimeMinimum_amd64\
Property(S): MSIFASTINSTALL = 7
Property(S): NOVSUI = 1
Property(S): ACTION = INSTALL
Property(S): EXECUTEACTION = INSTALL
Property(S): CostingComplete = 1
Property(S): ROOTDRIVE = C:\
Property(S): OutOfDiskSpace = 0
Property(S): OutOfNoRbDiskSpace = 0
1: 2 2: 0 
1: 2 2: 1 
Action ended 09:33:52: INSTALL. Return value 1.
